2026-07-09 20:01:05 ORDER_ID=1001 USER=Kumar STATUS=CANCELLED
2026-07-09 20:01:08 ORDER_ID=1002 USER=Anu STATUS=CANCELLED
2026-07-09 20:01:10 ORDER_ID=1003 USER=Rahul STATUS=CANCELLED
2026-07-09 20:01:13 ORDER_ID=1004 USER=Priya STATUS=CANCELLED
2026-07-09 20:01:20 ORDER_ID=1007 USER=Divya STATUS=CANCELLED
2026-07-09 20:01:25 ORDER_ID=1009 USER=Karthik STATUS=CANCELLED
2026-07-09 20:01:31 ORDER_ID=1012 USER=Divya STATUS=CANCELLED
2026-07-09 20:01:33 ORDER_ID=1013 USER=Karthik STATUS=CANCELLED
2026-07-09 20:01:43 ORDER_ID=1018 USER=Priya STATUS=CANCELLED
2026-07-09 20:01:51 ORDER_ID=1022 USER=Anu STATUS=CANCELLED
2026-07-09 20:01:57 ORDER_ID=1025 USER=Arun STATUS=CANCELLED
2026-07-09 20:01:59 ORDER_ID=1026 USER=Divya STATUS=CANCELLED
2026-07-09 20:02:01 ORDER_ID=1027 USER=Rahul STATUS=CANCELLED
2026-07-09 20:02:10 ORDER_ID=1031 USER=Divya STATUS=CANCELLED
2026-07-09 20:02:14 ORDER_ID=1033 USER=Priya STATUS=CANCELLED
2026-07-09 20:02:16 ORDER_ID=1034 USER=Rahul STATUS=CANCELLED
2026-07-09 20:02:18 ORDER_ID=1035 USER=Arun STATUS=CANCELLED
2026-07-09 20:02:28 ORDER_ID=1040 USER=Karthik STATUS=CANCELLED
2026-07-09 20:02:34 ORDER_ID=1043 USER=Divya STATUS=CANCELLED
2026-07-09 20:02:38 ORDER_ID=1045 USER=Kumar STATUS=CANCELLED
2026-07-09 20:02:47 ORDER_ID=1049 USER=Anu STATUS=CANCELLED
2026-07-09 20:02:55 ORDER_ID=1053 USER=Karthik STATUS=CANCELLED
2026-07-09 20:02:57 ORDER_ID=1054 USER=Rahul STATUS=CANCELLED
2026-07-09 20:02:59 ORDER_ID=1055 USER=Anu STATUS=CANCELLED
2026-07-09 20:03:03 ORDER_ID=1057 USER=Divya STATUS=CANCELLED
2026-07-09 20:03:12 ORDER_ID=1061 USER=Ravi STATUS=CANCELLED
2026-07-09 20:03:14 ORDER_ID=1062 USER=Ravi STATUS=CANCELLED
2026-07-09 20:03:16 ORDER_ID=1063 USER=Rahul STATUS=CANCELLED
2026-07-09 20:03:24 ORDER_ID=1067 USER=Priya STATUS=CANCELLED
2026-07-09 20:03:28 ORDER_ID=1069 USER=Karthik STATUS=CANCELLED
2026-07-09 20:03:38 ORDER_ID=1074 USER=Divya STATUS=CANCELLED
2026-07-09 20:03:40 ORDER_ID=1075 USER=Karthik STATUS=CANCELLED
2026-07-09 20:03:46 ORDER_ID=1078 USER=Rahul STATUS=CANCELLED
2026-07-09 20:03:48 ORDER_ID=1079 USER=Kumar STATUS=CANCELLED
2026-07-09 20:03:53 ORDER_ID=1081 USER=Ravi STATUS=CANCELLED
2026-07-09 20:03:55 ORDER_ID=1082 USER=Kumar STATUS=CANCELLED
2026-07-09 20:04:01 ORDER_ID=1085 USER=Priya STATUS=CANCELLED
2026-07-09 20:04:03 ORDER_ID=1086 USER=Anu STATUS=CANCELLED
2026-07-09 20:04:33 ORDER_ID=1101 USER=Divya STATUS=CANCELLED
2026-07-09 20:04:54 ORDER_ID=1111 USER=Ravi STATUS=CANCELLED
2026-07-09 20:05:00 ORDER_ID=1114 USER=Priya STATUS=CANCELLED
2026-07-09 20:05:09 ORDER_ID=1118 USER=Ravi STATUS=CANCELLED
2026-07-09 20:05:11 ORDER_ID=1119 USER=Arun STATUS=CANCELLED
2026-07-09 20:05:17 ORDER_ID=1122 USER=Priya STATUS=CANCELLED
2026-07-09 20:05:33 ORDER_ID=1130 USER=Arun STATUS=CANCELLED
2026-07-09 20:05:35 ORDER_ID=1131 USER=Ravi STATUS=CANCELLED
2026-07-09 20:05:38 ORDER_ID=1132 USER=Anu STATUS=CANCELLED
2026-07-09 20:05:42 ORDER_ID=1134 USER=Rahul STATUS=CANCELLED
2026-07-09 20:05:44 ORDER_ID=1135 USER=Rahul STATUS=CANCELLED
2026-07-09 20:05:50 ORDER_ID=1138 USER=Karthik STATUS=CANCELLED
2026-07-09 20:06:04 ORDER_ID=1145 USER=Ravi STATUS=CANCELLED
2026-07-09 20:06:17 ORDER_ID=1151 USER=Ravi STATUS=CANCELLED
2026-07-09 20:06:19 ORDER_ID=1152 USER=Arun STATUS=CANCELLED
2026-07-09 20:06:31 ORDER_ID=1158 USER=Divya STATUS=CANCELLED
2026-07-09 20:06:35 ORDER_ID=1160 USER=Kumar STATUS=CANCELLED
2026-07-09 20:06:37 ORDER_ID=1161 USER=Karthik STATUS=CANCELLED
2026-07-09 20:06:41 ORDER_ID=1163 USER=Arun STATUS=CANCELLED
2026-07-09 20:06:53 ORDER_ID=1169 USER=Divya STATUS=CANCELLED
2026-07-09 20:06:55 ORDER_ID=1170 USER=Rahul STATUS=CANCELLED
2026-07-09 20:07:06 ORDER_ID=1175 USER=Ravi STATUS=CANCELLED
2026-07-09 20:07:16 ORDER_ID=1180 USER=Karthik STATUS=CANCELLED
2026-07-09 20:07:20 ORDER_ID=1182 USER=Karthik STATUS=CANCELLED
2026-07-09 20:07:26 ORDER_ID=1185 USER=Divya STATUS=CANCELLED
2026-07-09 20:07:28 ORDER_ID=1186 USER=Arun STATUS=CANCELLED
2026-07-09 20:07:39 ORDER_ID=1191 USER=Priya STATUS=CANCELLED
2026-07-09 20:07:49 ORDER_ID=1196 USER=Karthik STATUS=CANCELLED
2026-07-09 20:07:51 ORDER_ID=1197 USER=Divya STATUS=CANCELLED
2026-07-09 20:07:53 ORDER_ID=1198 USER=Karthik STATUS=CANCELLED
2026-07-09 20:08:00 ORDER_ID=1201 USER=Rahul STATUS=CANCELLED
2026-07-09 20:08:02 ORDER_ID=1202 USER=Rahul STATUS=CANCELLED
2026-07-09 20:08:04 ORDER_ID=1203 USER=Rahul STATUS=CANCELLED
2026-07-09 20:08:08 ORDER_ID=1205 USER=Ravi STATUS=CANCELLED
2026-07-09 20:08:10 ORDER_ID=1206 USER=Ravi STATUS=CANCELLED
2026-07-09 20:08:12 ORDER_ID=1207 USER=Arun STATUS=CANCELLED
2026-07-09 20:08:19 ORDER_ID=1210 USER=Kumar STATUS=CANCELLED
2026-07-09 20:08:21 ORDER_ID=1211 USER=Divya STATUS=CANCELLED
2026-07-09 20:08:25 ORDER_ID=1213 USER=Divya STATUS=CANCELLED
2026-07-09 20:08:31 ORDER_ID=1216 USER=Anu STATUS=CANCELLED
2026-07-09 20:08:33 ORDER_ID=1217 USER=Ravi STATUS=CANCELLED
2026-07-09 20:08:35 ORDER_ID=1218 USER=Rahul STATUS=CANCELLED
2026-07-09 20:08:37 ORDER_ID=1219 USER=Ravi STATUS=CANCELLED
2026-07-09 20:08:49 ORDER_ID=1224 USER=Karthik STATUS=CANCELLED
2026-07-09 20:08:54 ORDER_ID=1226 USER=Karthik STATUS=CANCELLED
2026-07-09 20:08:58 ORDER_ID=1228 USER=Priya STATUS=CANCELLED
2026-07-09 20:09:03 ORDER_ID=1230 USER=Priya STATUS=CANCELLED
2026-07-09 20:09:09 ORDER_ID=1233 USER=Divya STATUS=CANCELLED
2026-07-09 20:09:17 ORDER_ID=1237 USER=Anu STATUS=CANCELLED
2026-07-09 20:09:22 ORDER_ID=1239 USER=Anu STATUS=CANCELLED
2026-07-09 20:09:26 ORDER_ID=1241 USER=Kumar STATUS=CANCELLED
2026-07-09 20:09:28 ORDER_ID=1242 USER=Ravi STATUS=CANCELLED
2026-07-09 20:09:30 ORDER_ID=1243 USER=Anu STATUS=CANCELLED
2026-07-09 20:09:43 ORDER_ID=1249 USER=Arun STATUS=CANCELLED
2026-07-09 20:09:47 ORDER_ID=1251 USER=Ravi STATUS=CANCELLED
2026-07-09 20:09:49 ORDER_ID=1252 USER=Rahul STATUS=CANCELLED
2026-07-09 20:09:51 ORDER_ID=1253 USER=Priya STATUS=CANCELLED
2026-07-09 20:09:58 ORDER_ID=1256 USER=Rahul STATUS=CANCELLED
2026-07-09 20:10:06 ORDER_ID=1260 USER=Karthik STATUS=CANCELLED
2026-07-09 20:10:12 ORDER_ID=1263 USER=Priya STATUS=CANCELLED
2026-07-09 20:10:16 ORDER_ID=1265 USER=Karthik STATUS=CANCELLED
2026-07-09 20:10:19 ORDER_ID=1266 USER=Anu STATUS=CANCELLED
2026-07-09 20:10:25 ORDER_ID=1268 USER=Ravi STATUS=CANCELLED
2026-07-09 20:10:42 ORDER_ID=1275 USER=Ravi STATUS=CANCELLED
2026-07-09 20:10:44 ORDER_ID=1276 USER=Karthik STATUS=CANCELLED
2026-07-09 20:10:46 ORDER_ID=1277 USER=Karthik STATUS=CANCELLED
2026-07-09 20:10:55 ORDER_ID=1281 USER=Rahul STATUS=CANCELLED
2026-07-09 20:10:59 ORDER_ID=1283 USER=Karthik STATUS=CANCELLED
2026-07-09 20:11:12 ORDER_ID=1287 USER=Divya STATUS=CANCELLED
2026-07-09 20:11:14 ORDER_ID=1288 USER=Priya STATUS=CANCELLED
2026-07-09 20:11:20 ORDER_ID=1291 USER=Priya STATUS=CANCELLED
2026-07-09 20:11:26 ORDER_ID=1294 USER=Divya STATUS=CANCELLED
2026-07-09 20:11:30 ORDER_ID=1296 USER=Ravi STATUS=CANCELLED
2026-07-09 20:11:36 ORDER_ID=1299 USER=Kumar STATUS=CANCELLED
2026-07-09 20:11:41 ORDER_ID=1301 USER=Anu STATUS=CANCELLED
2026-07-09 20:11:45 ORDER_ID=1303 USER=Arun STATUS=CANCELLED
2026-07-09 20:11:47 ORDER_ID=1304 USER=Priya STATUS=CANCELLED
2026-07-09 20:11:51 ORDER_ID=1306 USER=Ravi STATUS=CANCELLED
2026-07-09 20:11:53 ORDER_ID=1307 USER=Divya STATUS=CANCELLED
2026-07-09 20:11:59 ORDER_ID=1309 USER=Divya STATUS=CANCELLED
2026-07-09 20:12:01 ORDER_ID=1310 USER=Kumar STATUS=CANCELLED
2026-07-09 20:12:16 ORDER_ID=1317 USER=Priya STATUS=CANCELLED
2026-07-09 20:12:20 ORDER_ID=1319 USER=Rahul STATUS=CANCELLED
2026-07-09 20:12:22 ORDER_ID=1320 USER=Ravi STATUS=CANCELLED
2026-07-09 20:12:26 ORDER_ID=1322 USER=Anu STATUS=CANCELLED
2026-07-09 20:12:34 ORDER_ID=1326 USER=Kumar STATUS=CANCELLED
2026-07-09 20:12:36 ORDER_ID=1327 USER=Divya STATUS=CANCELLED
2026-07-09 20:12:52 ORDER_ID=1335 USER=Ravi STATUS=CANCELLED
2026-07-09 20:12:54 ORDER_ID=1336 USER=Kumar STATUS=CANCELLED
2026-07-09 20:12:58 ORDER_ID=1338 USER=Ravi STATUS=CANCELLED
2026-07-09 20:13:05 ORDER_ID=1341 USER=Priya STATUS=CANCELLED
2026-07-09 20:13:07 ORDER_ID=1342 USER=Rahul STATUS=CANCELLED
2026-07-09 20:13:17 ORDER_ID=1347 USER=Kumar STATUS=CANCELLED
2026-07-09 20:13:21 ORDER_ID=1349 USER=Priya STATUS=CANCELLED
2026-07-09 20:13:36 ORDER_ID=1354 USER=Ravi STATUS=CANCELLED
2026-07-09 20:13:38 ORDER_ID=1355 USER=Karthik STATUS=CANCELLED
2026-07-09 20:13:43 ORDER_ID=1357 USER=Divya STATUS=CANCELLED
2026-07-09 20:13:48 ORDER_ID=1358 USER=Anu STATUS=CANCELLED
2026-07-09 20:13:50 ORDER_ID=1359 USER=Kumar STATUS=CANCELLED
2026-07-09 20:13:52 ORDER_ID=1360 USER=Rahul STATUS=CANCELLED
2026-07-09 20:13:58 ORDER_ID=1363 USER=Divya STATUS=CANCELLED
2026-07-09 20:14:06 ORDER_ID=1367 USER=Kumar STATUS=CANCELLED
2026-07-09 20:14:15 ORDER_ID=1371 USER=Anu STATUS=CANCELLED
2026-07-09 20:14:21 ORDER_ID=1374 USER=Divya STATUS=CANCELLED
2026-07-09 20:14:35 ORDER_ID=1381 USER=Karthik STATUS=CANCELLED
2026-07-09 20:14:41 ORDER_ID=1384 USER=Karthik STATUS=CANCELLED
2026-07-09 20:14:43 ORDER_ID=1385 USER=Anu STATUS=CANCELLED
2026-07-09 20:14:51 ORDER_ID=1389 USER=Ravi STATUS=CANCELLED
2026-07-09 20:15:09 ORDER_ID=1394 USER=Karthik STATUS=CANCELLED
2026-07-09 20:15:11 ORDER_ID=1395 USER=Kumar STATUS=CANCELLED
2026-07-09 20:15:13 ORDER_ID=1396 USER=Arun STATUS=CANCELLED
2026-07-09 20:15:32 ORDER_ID=1403 USER=Karthik STATUS=CANCELLED
2026-07-09 20:15:37 ORDER_ID=1405 USER=Anu STATUS=CANCELLED
2026-07-09 20:15:47 ORDER_ID=1410 USER=Ravi STATUS=CANCELLED
2026-07-09 20:15:58 ORDER_ID=1415 USER=Kumar STATUS=CANCELLED
2026-07-09 20:16:00 ORDER_ID=1416 USER=Ravi STATUS=CANCELLED
2026-07-09 20:16:16 ORDER_ID=1424 USER=Karthik STATUS=CANCELLED
2026-07-09 20:16:24 ORDER_ID=1428 USER=Kumar STATUS=CANCELLED
2026-07-09 20:16:29 ORDER_ID=1430 USER=Priya STATUS=CANCELLED
2026-07-09 20:16:42 ORDER_ID=1436 USER=Arun STATUS=CANCELLED
2026-07-09 20:17:10 ORDER_ID=1438 USER=Divya STATUS=CANCELLED
2026-07-09 20:17:15 ORDER_ID=1440 USER=Rahul STATUS=CANCELLED
2026-07-09 20:17:25 ORDER_ID=1445 USER=Karthik STATUS=CANCELLED
2026-07-09 20:17:29 ORDER_ID=1447 USER=Divya STATUS=CANCELLED
2026-07-09 20:17:33 ORDER_ID=1449 USER=Karthik STATUS=CANCELLED
2026-07-09 20:17:37 ORDER_ID=1451 USER=Anu STATUS=CANCELLED
2026-07-09 20:17:39 ORDER_ID=1452 USER=Kumar STATUS=CANCELLED
2026-07-09 20:17:46 ORDER_ID=1455 USER=Anu STATUS=CANCELLED
2026-07-09 20:17:52 ORDER_ID=1458 USER=Divya STATUS=CANCELLED
2026-07-09 20:17:54 ORDER_ID=1459 USER=Kumar STATUS=CANCELLED
2026-07-09 20:18:12 ORDER_ID=1468 USER=Karthik STATUS=CANCELLED
2026-07-09 20:18:16 ORDER_ID=1470 USER=Karthik STATUS=CANCELLED
2026-07-09 20:18:20 ORDER_ID=1472 USER=Ravi STATUS=CANCELLED
2026-07-09 20:18:22 ORDER_ID=1473 USER=Karthik STATUS=CANCELLED
2026-07-09 20:18:27 ORDER_ID=1475 USER=Karthik STATUS=CANCELLED
2026-07-09 20:18:31 ORDER_ID=1477 USER=Priya STATUS=CANCELLED
2026-07-09 20:18:33 ORDER_ID=1478 USER=Priya STATUS=CANCELLED
2026-07-09 20:18:37 ORDER_ID=1480 USER=Divya STATUS=CANCELLED
2026-07-09 20:18:39 ORDER_ID=1481 USER=Kumar STATUS=CANCELLED
2026-07-09 20:18:59 ORDER_ID=1491 USER=Kumar STATUS=CANCELLED
2026-07-09 20:19:01 ORDER_ID=1492 USER=Kumar STATUS=CANCELLED
2026-07-09 20:19:07 ORDER_ID=1495 USER=Karthik STATUS=CANCELLED
2026-07-09 20:19:11 ORDER_ID=1497 USER=Karthik STATUS=CANCELLED
2026-07-09 20:19:21 ORDER_ID=1502 USER=Anu STATUS=CANCELLED
2026-07-09 20:19:32 ORDER_ID=1507 USER=Priya STATUS=CANCELLED
2026-07-09 20:19:34 ORDER_ID=1508 USER=Anu STATUS=CANCELLED
2026-07-09 20:19:38 ORDER_ID=1510 USER=Divya STATUS=CANCELLED
2026-07-09 20:19:40 ORDER_ID=1511 USER=Arun STATUS=CANCELLED
2026-07-09 20:19:46 ORDER_ID=1514 USER=Priya STATUS=CANCELLED
2026-07-09 20:19:54 ORDER_ID=1518 USER=Divya STATUS=CANCELLED
2026-07-09 20:19:58 ORDER_ID=1520 USER=Divya STATUS=CANCELLED
2026-07-09 20:20:02 ORDER_ID=1522 USER=Rahul STATUS=CANCELLED
2026-07-09 20:20:04 ORDER_ID=1523 USER=Priya STATUS=CANCELLED
2026-07-09 20:20:06 ORDER_ID=1524 USER=Kumar STATUS=CANCELLED
2026-07-09 20:20:16 ORDER_ID=1529 USER=Arun STATUS=CANCELLED
2026-07-09 20:20:22 ORDER_ID=1532 USER=Rahul STATUS=CANCELLED
2026-07-09 20:20:29 ORDER_ID=1535 USER=Kumar STATUS=CANCELLED
2026-07-09 20:20:31 ORDER_ID=1536 USER=Priya STATUS=CANCELLED
2026-07-09 20:20:33 ORDER_ID=1537 USER=Anu STATUS=CANCELLED
2026-07-09 20:20:37 ORDER_ID=1539 USER=Arun STATUS=CANCELLED
2026-07-09 20:20:41 ORDER_ID=1541 USER=Karthik STATUS=CANCELLED
2026-07-09 20:20:45 ORDER_ID=1543 USER=Karthik STATUS=CANCELLED
2026-07-09 20:20:59 ORDER_ID=1550 USER=Divya STATUS=CANCELLED
2026-07-09 20:21:03 ORDER_ID=1552 USER=Kumar STATUS=CANCELLED
2026-07-09 20:21:09 ORDER_ID=1555 USER=Ravi STATUS=CANCELLED
2026-07-09 20:21:13 ORDER_ID=1557 USER=Rahul STATUS=CANCELLED
2026-07-09 20:21:16 ORDER_ID=1558 USER=Divya STATUS=CANCELLED
2026-07-09 20:21:24 ORDER_ID=1562 USER=Arun STATUS=CANCELLED
2026-07-09 20:21:28 ORDER_ID=1564 USER=Anu STATUS=CANCELLED
2026-07-09 20:21:36 ORDER_ID=1568 USER=Ravi STATUS=CANCELLED
2026-07-09 20:21:38 ORDER_ID=1569 USER=Anu STATUS=CANCELLED
2026-07-09 20:21:40 ORDER_ID=1570 USER=Rahul STATUS=CANCELLED
2026-07-09 20:21:46 ORDER_ID=1573 USER=Divya STATUS=CANCELLED
2026-07-09 20:21:50 ORDER_ID=1575 USER=Karthik STATUS=CANCELLED
2026-07-09 20:21:52 ORDER_ID=1576 USER=Anu STATUS=CANCELLED
2026-07-09 20:22:04 ORDER_ID=1582 USER=Kumar STATUS=CANCELLED
2026-07-09 20:22:12 ORDER_ID=1586 USER=Arun STATUS=CANCELLED
2026-07-09 20:22:31 ORDER_ID=1595 USER=Divya STATUS=CANCELLED
2026-07-09 20:22:41 ORDER_ID=1600 USER=Rahul STATUS=CANCELLED
2026-07-09 20:22:43 ORDER_ID=1601 USER=Ravi STATUS=CANCELLED
2026-07-09 20:22:47 ORDER_ID=1603 USER=Rahul STATUS=CANCELLED
2026-07-09 20:22:53 ORDER_ID=1606 USER=Divya STATUS=CANCELLED
2026-07-09 20:22:59 ORDER_ID=1609 USER=Priya STATUS=CANCELLED
2026-07-09 20:23:01 ORDER_ID=1610 USER=Divya STATUS=CANCELLED
2026-07-09 20:23:09 ORDER_ID=1614 USER=Rahul STATUS=CANCELLED
2026-07-09 20:23:14 ORDER_ID=1616 USER=Kumar STATUS=CANCELLED
2026-07-09 20:23:20 ORDER_ID=1619 USER=Kumar STATUS=CANCELLED
2026-07-09 20:23:30 ORDER_ID=1624 USER=Divya STATUS=CANCELLED
2026-07-09 20:23:32 ORDER_ID=1625 USER=Arun STATUS=CANCELLED
2026-07-09 20:23:40 ORDER_ID=1629 USER=Ravi STATUS=CANCELLED
2026-07-09 20:23:44 ORDER_ID=1631 USER=Priya STATUS=CANCELLED
2026-07-09 20:23:46 ORDER_ID=1632 USER=Ravi STATUS=CANCELLED
2026-07-09 20:23:52 ORDER_ID=1635 USER=Karthik STATUS=CANCELLED
2026-07-09 20:23:56 ORDER_ID=1637 USER=Divya STATUS=CANCELLED
2026-07-09 20:24:17 ORDER_ID=1647 USER=Arun STATUS=CANCELLED
2026-07-09 20:24:21 ORDER_ID=1649 USER=Ravi STATUS=CANCELLED
2026-07-09 20:24:25 ORDER_ID=1651 USER=Arun STATUS=CANCELLED
2026-07-09 20:24:35 ORDER_ID=1656 USER=Karthik STATUS=CANCELLED
2026-07-09 20:24:52 ORDER_ID=1664 USER=Priya STATUS=CANCELLED
2026-07-09 20:24:58 ORDER_ID=1667 USER=Ravi STATUS=CANCELLED
2026-07-09 20:25:11 ORDER_ID=1673 USER=Kumar STATUS=CANCELLED
2026-07-09 20:25:46 ORDER_ID=1690 USER=Anu STATUS=CANCELLED
2026-07-09 20:26:03 ORDER_ID=1698 USER=Kumar STATUS=CANCELLED
2026-07-09 20:26:09 ORDER_ID=1701 USER=Rahul STATUS=CANCELLED
2026-07-09 20:26:14 ORDER_ID=1703 USER=Arun STATUS=CANCELLED
2026-07-09 20:26:18 ORDER_ID=1705 USER=Rahul STATUS=CANCELLED
2026-07-09 20:26:20 ORDER_ID=1706 USER=Rahul STATUS=CANCELLED
