2026-07-09 20:01:05 ORDER_ID=1001 USER=Kumar STATUS=CANCELLED
2026-07-09 20:01:08 ORDER_ID=1002 USER=Anu STATUS=CANCELLED
2026-07-09 20:01:10 ORDER_ID=1003 USER=Rahul STATUS=CANCELLED
2026-07-09 20:01:13 ORDER_ID=1004 USER=Priya STATUS=CANCELLED
2026-07-09 20:01:16 ORDER_ID=1005 USER=Rahul STATUS=RETURNED
2026-07-09 20:01:18 ORDER_ID=1006 USER=Anu STATUS=SUCCESS
2026-07-09 20:01:20 ORDER_ID=1007 USER=Divya STATUS=CANCELLED
2026-07-09 20:01:23 ORDER_ID=1008 USER=Karthik STATUS=RETURNED
2026-07-09 20:01:25 ORDER_ID=1009 USER=Karthik STATUS=CANCELLED
2026-07-09 20:01:27 ORDER_ID=1010 USER=Kumar STATUS=RETURNED
2026-07-09 20:01:29 ORDER_ID=1011 USER=Ravi STATUS=SUCCESS
2026-07-09 20:01:31 ORDER_ID=1012 USER=Divya STATUS=CANCELLED
2026-07-09 20:01:33 ORDER_ID=1013 USER=Karthik STATUS=CANCELLED
2026-07-09 20:01:35 ORDER_ID=1014 USER=Rahul STATUS=RETURNED
2026-07-09 20:01:37 ORDER_ID=1015 USER=Divya STATUS=RETURNED
2026-07-09 20:01:39 ORDER_ID=1016 USER=Priya STATUS=RETURNED
2026-07-09 20:01:41 ORDER_ID=1017 USER=Karthik STATUS=RETURNED
2026-07-09 20:01:43 ORDER_ID=1018 USER=Priya STATUS=CANCELLED
2026-07-09 20:01:45 ORDER_ID=1019 USER=Kumar STATUS=RETURNED
2026-07-09 20:01:47 ORDER_ID=1020 USER=Ravi STATUS=RETURNED
2026-07-09 20:01:49 ORDER_ID=1021 USER=Divya STATUS=SUCCESS
2026-07-09 20:01:51 ORDER_ID=1022 USER=Anu STATUS=CANCELLED
2026-07-09 20:01:53 ORDER_ID=1023 USER=Kumar STATUS=SUCCESS
2026-07-09 20:01:55 ORDER_ID=1024 USER=Kumar STATUS=SUCCESS
2026-07-09 20:01:57 ORDER_ID=1025 USER=Arun STATUS=CANCELLED
2026-07-09 20:01:59 ORDER_ID=1026 USER=Divya STATUS=CANCELLED
2026-07-09 20:02:01 ORDER_ID=1027 USER=Rahul STATUS=CANCELLED
2026-07-09 20:02:03 ORDER_ID=1028 USER=Karthik STATUS=RETURNED
2026-07-09 20:02:06 ORDER_ID=1029 USER=Kumar STATUS=SUCCESS
2026-07-09 20:02:08 ORDER_ID=1030 USER=Divya STATUS=RETURNED
2026-07-09 20:02:10 ORDER_ID=1031 USER=Divya STATUS=CANCELLED
2026-07-09 20:02:12 ORDER_ID=1032 USER=Arun STATUS=SUCCESS
2026-07-09 20:02:14 ORDER_ID=1033 USER=Priya STATUS=CANCELLED
2026-07-09 20:02:16 ORDER_ID=1034 USER=Rahul STATUS=CANCELLED
2026-07-09 20:02:18 ORDER_ID=1035 USER=Arun STATUS=CANCELLED
2026-07-09 20:02:20 ORDER_ID=1036 USER=Karthik STATUS=RETURNED
2026-07-09 20:02:22 ORDER_ID=1037 USER=Kumar STATUS=SUCCESS
2026-07-09 20:02:24 ORDER_ID=1038 USER=Karthik STATUS=SUCCESS
2026-07-09 20:02:26 ORDER_ID=1039 USER=Priya STATUS=SUCCESS
2026-07-09 20:02:28 ORDER_ID=1040 USER=Karthik STATUS=CANCELLED
2026-07-09 20:02:30 ORDER_ID=1041 USER=Arun STATUS=SUCCESS
2026-07-09 20:02:32 ORDER_ID=1042 USER=Karthik STATUS=SUCCESS
2026-07-09 20:02:34 ORDER_ID=1043 USER=Divya STATUS=CANCELLED
2026-07-09 20:02:36 ORDER_ID=1044 USER=Priya STATUS=RETURNED
2026-07-09 20:02:38 ORDER_ID=1045 USER=Kumar STATUS=CANCELLED
2026-07-09 20:02:40 ORDER_ID=1046 USER=Divya STATUS=SUCCESS
2026-07-09 20:02:42 ORDER_ID=1047 USER=Kumar STATUS=SUCCESS
2026-07-09 20:02:45 ORDER_ID=1048 USER=Arun STATUS=SUCCESS
2026-07-09 20:02:47 ORDER_ID=1049 USER=Anu STATUS=CANCELLED
2026-07-09 20:02:49 ORDER_ID=1050 USER=Priya STATUS=SUCCESS
2026-07-09 20:02:51 ORDER_ID=1051 USER=Ravi STATUS=SUCCESS
2026-07-09 20:02:53 ORDER_ID=1052 USER=Priya STATUS=RETURNED
2026-07-09 20:02:55 ORDER_ID=1053 USER=Karthik STATUS=CANCELLED
2026-07-09 20:02:57 ORDER_ID=1054 USER=Rahul STATUS=CANCELLED
2026-07-09 20:02:59 ORDER_ID=1055 USER=Anu STATUS=CANCELLED
2026-07-09 20:03:01 ORDER_ID=1056 USER=Rahul STATUS=SUCCESS
2026-07-09 20:03:03 ORDER_ID=1057 USER=Divya STATUS=CANCELLED
2026-07-09 20:03:05 ORDER_ID=1058 USER=Priya STATUS=SUCCESS
2026-07-09 20:03:07 ORDER_ID=1059 USER=Ravi STATUS=RETURNED
2026-07-09 20:03:10 ORDER_ID=1060 USER=Kumar STATUS=SUCCESS
2026-07-09 20:03:12 ORDER_ID=1061 USER=Ravi STATUS=CANCELLED
2026-07-09 20:03:14 ORDER_ID=1062 USER=Ravi STATUS=CANCELLED
2026-07-09 20:03:16 ORDER_ID=1063 USER=Rahul STATUS=CANCELLED
2026-07-09 20:03:18 ORDER_ID=1064 USER=Priya STATUS=SUCCESS
2026-07-09 20:03:20 ORDER_ID=1065 USER=Karthik STATUS=RETURNED
2026-07-09 20:03:22 ORDER_ID=1066 USER=Ravi STATUS=SUCCESS
2026-07-09 20:03:24 ORDER_ID=1067 USER=Priya STATUS=CANCELLED
2026-07-09 20:03:26 ORDER_ID=1068 USER=Ravi STATUS=RETURNED
2026-07-09 20:03:28 ORDER_ID=1069 USER=Karthik STATUS=CANCELLED
2026-07-09 20:03:30 ORDER_ID=1070 USER=Anu STATUS=RETURNED
2026-07-09 20:03:32 ORDER_ID=1071 USER=Kumar STATUS=SUCCESS
2026-07-09 20:03:34 ORDER_ID=1072 USER=Kumar STATUS=SUCCESS
2026-07-09 20:03:36 ORDER_ID=1073 USER=Karthik STATUS=RETURNED
2026-07-09 20:03:38 ORDER_ID=1074 USER=Divya STATUS=CANCELLED
2026-07-09 20:03:40 ORDER_ID=1075 USER=Karthik STATUS=CANCELLED
2026-07-09 20:03:42 ORDER_ID=1076 USER=Kumar STATUS=SUCCESS
2026-07-09 20:03:44 ORDER_ID=1077 USER=Kumar STATUS=SUCCESS
2026-07-09 20:03:46 ORDER_ID=1078 USER=Rahul STATUS=CANCELLED
2026-07-09 20:03:48 ORDER_ID=1079 USER=Kumar STATUS=CANCELLED
2026-07-09 20:03:51 ORDER_ID=1080 USER=Kumar STATUS=SUCCESS
2026-07-09 20:03:53 ORDER_ID=1081 USER=Ravi STATUS=CANCELLED
2026-07-09 20:03:55 ORDER_ID=1082 USER=Kumar STATUS=CANCELLED
2026-07-09 20:03:57 ORDER_ID=1083 USER=Divya STATUS=SUCCESS
2026-07-09 20:03:59 ORDER_ID=1084 USER=Arun STATUS=RETURNED
2026-07-09 20:04:01 ORDER_ID=1085 USER=Priya STATUS=CANCELLED
2026-07-09 20:04:03 ORDER_ID=1086 USER=Anu STATUS=CANCELLED
2026-07-09 20:04:05 ORDER_ID=1087 USER=Anu STATUS=RETURNED
2026-07-09 20:04:07 ORDER_ID=1088 USER=Kumar STATUS=RETURNED
2026-07-09 20:04:09 ORDER_ID=1089 USER=Rahul STATUS=SUCCESS
2026-07-09 20:04:11 ORDER_ID=1090 USER=Rahul STATUS=RETURNED
2026-07-09 20:04:13 ORDER_ID=1091 USER=Karthik STATUS=RETURNED
2026-07-09 20:04:15 ORDER_ID=1092 USER=Divya STATUS=RETURNED
2026-07-09 20:04:17 ORDER_ID=1093 USER=Divya STATUS=RETURNED
2026-07-09 20:04:19 ORDER_ID=1094 USER=Divya STATUS=RETURNED
2026-07-09 20:04:21 ORDER_ID=1095 USER=Arun STATUS=RETURNED
2026-07-09 20:04:23 ORDER_ID=1096 USER=Kumar STATUS=SUCCESS
2026-07-09 20:04:25 ORDER_ID=1097 USER=Arun STATUS=SUCCESS
2026-07-09 20:04:27 ORDER_ID=1098 USER=Priya STATUS=SUCCESS
2026-07-09 20:04:29 ORDER_ID=1099 USER=Kumar STATUS=SUCCESS
2026-07-09 20:04:31 ORDER_ID=1100 USER=Rahul STATUS=SUCCESS
2026-07-09 20:04:33 ORDER_ID=1101 USER=Divya STATUS=CANCELLED
2026-07-09 20:04:35 ORDER_ID=1102 USER=Ravi STATUS=SUCCESS
2026-07-09 20:04:37 ORDER_ID=1103 USER=Anu STATUS=RETURNED
2026-07-09 20:04:39 ORDER_ID=1104 USER=Divya STATUS=SUCCESS
2026-07-09 20:04:41 ORDER_ID=1105 USER=Anu STATUS=RETURNED
2026-07-09 20:04:43 ORDER_ID=1106 USER=Karthik STATUS=SUCCESS
2026-07-09 20:04:45 ORDER_ID=1107 USER=Priya STATUS=RETURNED
2026-07-09 20:04:47 ORDER_ID=1108 USER=Ravi STATUS=SUCCESS
2026-07-09 20:04:49 ORDER_ID=1109 USER=Rahul STATUS=RETURNED
2026-07-09 20:04:52 ORDER_ID=1110 USER=Rahul STATUS=RETURNED
2026-07-09 20:04:54 ORDER_ID=1111 USER=Ravi STATUS=CANCELLED
2026-07-09 20:04:56 ORDER_ID=1112 USER=Divya STATUS=SUCCESS
2026-07-09 20:04:58 ORDER_ID=1113 USER=Arun STATUS=RETURNED
2026-07-09 20:05:00 ORDER_ID=1114 USER=Priya STATUS=CANCELLED
2026-07-09 20:05:02 ORDER_ID=1115 USER=Priya STATUS=RETURNED
2026-07-09 20:05:05 ORDER_ID=1116 USER=Arun STATUS=RETURNED
2026-07-09 20:05:07 ORDER_ID=1117 USER=Rahul STATUS=RETURNED
2026-07-09 20:05:09 ORDER_ID=1118 USER=Ravi STATUS=CANCELLED
2026-07-09 20:05:11 ORDER_ID=1119 USER=Arun STATUS=CANCELLED
2026-07-09 20:05:13 ORDER_ID=1120 USER=Arun STATUS=RETURNED
2026-07-09 20:05:15 ORDER_ID=1121 USER=Karthik STATUS=RETURNED
2026-07-09 20:05:17 ORDER_ID=1122 USER=Priya STATUS=CANCELLED
2026-07-09 20:05:19 ORDER_ID=1123 USER=Kumar STATUS=SUCCESS
2026-07-09 20:05:21 ORDER_ID=1124 USER=Karthik STATUS=SUCCESS
2026-07-09 20:05:23 ORDER_ID=1125 USER=Priya STATUS=SUCCESS
2026-07-09 20:05:25 ORDER_ID=1126 USER=Anu STATUS=SUCCESS
2026-07-09 20:05:27 ORDER_ID=1127 USER=Divya STATUS=SUCCESS
2026-07-09 20:05:29 ORDER_ID=1128 USER=Ravi STATUS=RETURNED
2026-07-09 20:05:31 ORDER_ID=1129 USER=Divya STATUS=RETURNED
2026-07-09 20:05:33 ORDER_ID=1130 USER=Arun STATUS=CANCELLED
2026-07-09 20:05:35 ORDER_ID=1131 USER=Ravi STATUS=CANCELLED
2026-07-09 20:05:38 ORDER_ID=1132 USER=Anu STATUS=CANCELLED
2026-07-09 20:05:40 ORDER_ID=1133 USER=Divya STATUS=RETURNED
2026-07-09 20:05:42 ORDER_ID=1134 USER=Rahul STATUS=CANCELLED
2026-07-09 20:05:44 ORDER_ID=1135 USER=Rahul STATUS=CANCELLED
2026-07-09 20:05:46 ORDER_ID=1136 USER=Rahul STATUS=RETURNED
2026-07-09 20:05:48 ORDER_ID=1137 USER=Ravi STATUS=RETURNED
2026-07-09 20:05:50 ORDER_ID=1138 USER=Karthik STATUS=CANCELLED
2026-07-09 20:05:52 ORDER_ID=1139 USER=Anu STATUS=SUCCESS
2026-07-09 20:05:54 ORDER_ID=1140 USER=Priya STATUS=RETURNED
2026-07-09 20:05:56 ORDER_ID=1141 USER=Kumar STATUS=RETURNED
2026-07-09 20:05:58 ORDER_ID=1142 USER=Karthik STATUS=RETURNED
2026-07-09 20:06:00 ORDER_ID=1143 USER=Divya STATUS=SUCCESS
2026-07-09 20:06:02 ORDER_ID=1144 USER=Anu STATUS=RETURNED
2026-07-09 20:06:04 ORDER_ID=1145 USER=Ravi STATUS=CANCELLED
2026-07-09 20:06:06 ORDER_ID=1146 USER=Karthik STATUS=RETURNED
2026-07-09 20:06:08 ORDER_ID=1147 USER=Divya STATUS=SUCCESS
2026-07-09 20:06:10 ORDER_ID=1148 USER=Divya STATUS=SUCCESS
2026-07-09 20:06:13 ORDER_ID=1149 USER=Divya STATUS=RETURNED
2026-07-09 20:06:15 ORDER_ID=1150 USER=Ravi STATUS=RETURNED
2026-07-09 20:06:17 ORDER_ID=1151 USER=Ravi STATUS=CANCELLED
2026-07-09 20:06:19 ORDER_ID=1152 USER=Arun STATUS=CANCELLED
2026-07-09 20:06:21 ORDER_ID=1153 USER=Priya STATUS=SUCCESS
2026-07-09 20:06:23 ORDER_ID=1154 USER=Ravi STATUS=SUCCESS
2026-07-09 20:06:25 ORDER_ID=1155 USER=Divya STATUS=RETURNED
2026-07-09 20:06:27 ORDER_ID=1156 USER=Priya STATUS=SUCCESS
2026-07-09 20:06:29 ORDER_ID=1157 USER=Kumar STATUS=RETURNED
2026-07-09 20:06:31 ORDER_ID=1158 USER=Divya STATUS=CANCELLED
2026-07-09 20:06:33 ORDER_ID=1159 USER=Rahul STATUS=SUCCESS
2026-07-09 20:06:35 ORDER_ID=1160 USER=Kumar STATUS=CANCELLED
2026-07-09 20:06:37 ORDER_ID=1161 USER=Karthik STATUS=CANCELLED
2026-07-09 20:06:39 ORDER_ID=1162 USER=Anu STATUS=RETURNED
2026-07-09 20:06:41 ORDER_ID=1163 USER=Arun STATUS=CANCELLED
2026-07-09 20:06:43 ORDER_ID=1164 USER=Anu STATUS=SUCCESS
2026-07-09 20:06:45 ORDER_ID=1165 USER=Arun STATUS=SUCCESS
2026-07-09 20:06:47 ORDER_ID=1166 USER=Ravi STATUS=RETURNED
2026-07-09 20:06:49 ORDER_ID=1167 USER=Ravi STATUS=RETURNED
2026-07-09 20:06:51 ORDER_ID=1168 USER=Ravi STATUS=SUCCESS
2026-07-09 20:06:53 ORDER_ID=1169 USER=Divya STATUS=CANCELLED
2026-07-09 20:06:55 ORDER_ID=1170 USER=Rahul STATUS=CANCELLED
2026-07-09 20:06:57 ORDER_ID=1171 USER=Karthik STATUS=RETURNED
2026-07-09 20:06:59 ORDER_ID=1172 USER=Divya STATUS=RETURNED
2026-07-09 20:07:01 ORDER_ID=1173 USER=Anu STATUS=SUCCESS
2026-07-09 20:07:04 ORDER_ID=1174 USER=Ravi STATUS=SUCCESS
2026-07-09 20:07:06 ORDER_ID=1175 USER=Ravi STATUS=CANCELLED
2026-07-09 20:07:08 ORDER_ID=1176 USER=Kumar STATUS=RETURNED
2026-07-09 20:07:10 ORDER_ID=1177 USER=Divya STATUS=RETURNED
2026-07-09 20:07:12 ORDER_ID=1178 USER=Karthik STATUS=RETURNED
2026-07-09 20:07:14 ORDER_ID=1179 USER=Kumar STATUS=SUCCESS
2026-07-09 20:07:16 ORDER_ID=1180 USER=Karthik STATUS=CANCELLED
2026-07-09 20:07:18 ORDER_ID=1181 USER=Priya STATUS=SUCCESS
2026-07-09 20:07:20 ORDER_ID=1182 USER=Karthik STATUS=CANCELLED
2026-07-09 20:07:22 ORDER_ID=1183 USER=Anu STATUS=SUCCESS
2026-07-09 20:07:24 ORDER_ID=1184 USER=Ravi STATUS=SUCCESS
2026-07-09 20:07:26 ORDER_ID=1185 USER=Divya STATUS=CANCELLED
2026-07-09 20:07:28 ORDER_ID=1186 USER=Arun STATUS=CANCELLED
2026-07-09 20:07:31 ORDER_ID=1187 USER=Arun STATUS=SUCCESS
2026-07-09 20:07:33 ORDER_ID=1188 USER=Rahul STATUS=SUCCESS
2026-07-09 20:07:35 ORDER_ID=1189 USER=Kumar STATUS=SUCCESS
2026-07-09 20:07:37 ORDER_ID=1190 USER=Karthik STATUS=RETURNED
2026-07-09 20:07:39 ORDER_ID=1191 USER=Priya STATUS=CANCELLED
2026-07-09 20:07:41 ORDER_ID=1192 USER=Kumar STATUS=RETURNED
2026-07-09 20:07:43 ORDER_ID=1193 USER=Kumar STATUS=RETURNED
2026-07-09 20:07:45 ORDER_ID=1194 USER=Divya STATUS=SUCCESS
2026-07-09 20:07:47 ORDER_ID=1195 USER=Ravi STATUS=SUCCESS
2026-07-09 20:07:49 ORDER_ID=1196 USER=Karthik STATUS=CANCELLED
2026-07-09 20:07:51 ORDER_ID=1197 USER=Divya STATUS=CANCELLED
2026-07-09 20:07:53 ORDER_ID=1198 USER=Karthik STATUS=CANCELLED
2026-07-09 20:07:55 ORDER_ID=1199 USER=Ravi STATUS=RETURNED
2026-07-09 20:07:57 ORDER_ID=1200 USER=Divya STATUS=RETURNED
2026-07-09 20:08:00 ORDER_ID=1201 USER=Rahul STATUS=CANCELLED
2026-07-09 20:08:02 ORDER_ID=1202 USER=Rahul STATUS=CANCELLED
2026-07-09 20:08:04 ORDER_ID=1203 USER=Rahul STATUS=CANCELLED
2026-07-09 20:08:06 ORDER_ID=1204 USER=Arun STATUS=RETURNED
2026-07-09 20:08:08 ORDER_ID=1205 USER=Ravi STATUS=CANCELLED
2026-07-09 20:08:10 ORDER_ID=1206 USER=Ravi STATUS=CANCELLED
2026-07-09 20:08:12 ORDER_ID=1207 USER=Arun STATUS=CANCELLED
2026-07-09 20:08:14 ORDER_ID=1208 USER=Ravi STATUS=SUCCESS
2026-07-09 20:08:17 ORDER_ID=1209 USER=Divya STATUS=RETURNED
2026-07-09 20:08:19 ORDER_ID=1210 USER=Kumar STATUS=CANCELLED
2026-07-09 20:08:21 ORDER_ID=1211 USER=Divya STATUS=CANCELLED
2026-07-09 20:08:23 ORDER_ID=1212 USER=Ravi STATUS=RETURNED
2026-07-09 20:08:25 ORDER_ID=1213 USER=Divya STATUS=CANCELLED
2026-07-09 20:08:27 ORDER_ID=1214 USER=Kumar STATUS=SUCCESS
2026-07-09 20:08:29 ORDER_ID=1215 USER=Priya STATUS=RETURNED
2026-07-09 20:08:31 ORDER_ID=1216 USER=Anu STATUS=CANCELLED
2026-07-09 20:08:33 ORDER_ID=1217 USER=Ravi STATUS=CANCELLED
2026-07-09 20:08:35 ORDER_ID=1218 USER=Rahul STATUS=CANCELLED
2026-07-09 20:08:37 ORDER_ID=1219 USER=Ravi STATUS=CANCELLED
2026-07-09 20:08:39 ORDER_ID=1220 USER=Divya STATUS=SUCCESS
2026-07-09 20:08:41 ORDER_ID=1221 USER=Ravi STATUS=SUCCESS
2026-07-09 20:08:43 ORDER_ID=1222 USER=Ravi STATUS=SUCCESS
2026-07-09 20:08:49 ORDER_ID=1224 USER=Karthik STATUS=CANCELLED
2026-07-09 20:08:51 ORDER_ID=1225 USER=Ravi STATUS=RETURNED
2026-07-09 20:08:54 ORDER_ID=1226 USER=Karthik STATUS=CANCELLED
2026-07-09 20:08:56 ORDER_ID=1227 USER=Karthik STATUS=RETURNED
2026-07-09 20:08:58 ORDER_ID=1228 USER=Priya STATUS=CANCELLED
2026-07-09 20:09:00 ORDER_ID=1229 USER=Priya STATUS=SUCCESS
2026-07-09 20:09:03 ORDER_ID=1230 USER=Priya STATUS=CANCELLED
2026-07-09 20:09:05 ORDER_ID=1231 USER=Arun STATUS=SUCCESS
2026-07-09 20:09:07 ORDER_ID=1232 USER=Karthik STATUS=RETURNED
2026-07-09 20:09:11 ORDER_ID=1234 USER=Arun STATUS=RETURNED
2026-07-09 20:09:13 ORDER_ID=1235 USER=Karthik STATUS=SUCCESS
2026-07-09 20:09:15 ORDER_ID=1236 USER=Rahul STATUS=SUCCESS
2026-07-09 20:09:17 ORDER_ID=1237 USER=Anu STATUS=CANCELLED
2026-07-09 20:09:19 ORDER_ID=1238 USER=Ravi STATUS=SUCCESS
2026-07-09 20:09:22 ORDER_ID=1239 USER=Anu STATUS=CANCELLED
2026-07-09 20:09:24 ORDER_ID=1240 USER=Rahul STATUS=RETURNED
2026-07-09 20:09:26 ORDER_ID=1241 USER=Kumar STATUS=CANCELLED
2026-07-09 20:09:28 ORDER_ID=1242 USER=Ravi STATUS=CANCELLED
2026-07-09 20:09:30 ORDER_ID=1243 USER=Anu STATUS=CANCELLED
2026-07-09 20:09:32 ORDER_ID=1244 USER=Ravi STATUS=RETURNED
2026-07-09 20:09:35 ORDER_ID=1245 USER=Arun STATUS=SUCCESS
2026-07-09 20:09:39 ORDER_ID=1247 USER=Arun STATUS=RETURNED
2026-07-09 20:09:41 ORDER_ID=1248 USER=Divya STATUS=RETURNED
2026-07-09 20:09:43 ORDER_ID=1249 USER=Arun STATUS=CANCELLED
2026-07-09 20:09:45 ORDER_ID=1250 USER=Arun STATUS=RETURNED
2026-07-09 20:09:47 ORDER_ID=1251 USER=Ravi STATUS=CANCELLED
2026-07-09 20:09:49 ORDER_ID=1252 USER=Rahul STATUS=CANCELLED
2026-07-09 20:09:51 ORDER_ID=1253 USER=Priya STATUS=CANCELLED
2026-07-09 20:09:53 ORDER_ID=1254 USER=Karthik STATUS=RETURNED
2026-07-09 20:09:55 ORDER_ID=1255 USER=Priya STATUS=SUCCESS
2026-07-09 20:09:58 ORDER_ID=1256 USER=Rahul STATUS=CANCELLED
2026-07-09 20:10:00 ORDER_ID=1257 USER=Divya STATUS=RETURNED
2026-07-09 20:10:02 ORDER_ID=1258 USER=Arun STATUS=SUCCESS
2026-07-09 20:10:04 ORDER_ID=1259 USER=Karthik STATUS=SUCCESS
2026-07-09 20:10:06 ORDER_ID=1260 USER=Karthik STATUS=CANCELLED
2026-07-09 20:10:08 ORDER_ID=1261 USER=Ravi STATUS=RETURNED
2026-07-09 20:10:10 ORDER_ID=1262 USER=Divya STATUS=SUCCESS
2026-07-09 20:10:12 ORDER_ID=1263 USER=Priya STATUS=CANCELLED
2026-07-09 20:10:14 ORDER_ID=1264 USER=Divya STATUS=RETURNED
2026-07-09 20:10:16 ORDER_ID=1265 USER=Karthik STATUS=CANCELLED
2026-07-09 20:10:19 ORDER_ID=1266 USER=Anu STATUS=CANCELLED
2026-07-09 20:10:30 ORDER_ID=1269 USER=Rahul STATUS=RETURNED
2026-07-09 20:10:32 ORDER_ID=1270 USER=Priya STATUS=SUCCESS
2026-07-09 20:10:34 ORDER_ID=1271 USER=Rahul STATUS=RETURNED
2026-07-09 20:10:36 ORDER_ID=1272 USER=Kumar STATUS=SUCCESS
2026-07-09 20:10:38 ORDER_ID=1273 USER=Ravi STATUS=SUCCESS
2026-07-09 20:10:40 ORDER_ID=1274 USER=Priya STATUS=RETURNED
2026-07-09 20:10:42 ORDER_ID=1275 USER=Ravi STATUS=CANCELLED
2026-07-09 20:10:44 ORDER_ID=1276 USER=Karthik STATUS=CANCELLED
2026-07-09 20:10:46 ORDER_ID=1277 USER=Karthik STATUS=CANCELLED
2026-07-09 20:10:48 ORDER_ID=1278 USER=Arun STATUS=RETURNED
2026-07-09 20:10:50 ORDER_ID=1279 USER=Anu STATUS=SUCCESS
2026-07-09 20:10:53 ORDER_ID=1280 USER=Arun STATUS=SUCCESS
2026-07-09 20:10:55 ORDER_ID=1281 USER=Rahul STATUS=CANCELLED
2026-07-09 20:10:57 ORDER_ID=1282 USER=Divya STATUS=SUCCESS
2026-07-09 20:10:59 ORDER_ID=1283 USER=Karthik STATUS=CANCELLED
2026-07-09 20:11:04 ORDER_ID=1284 USER=Priya STATUS=RETURNED
2026-07-09 20:11:10 ORDER_ID=1286 USER=Anu STATUS=RETURNED
2026-07-09 20:11:12 ORDER_ID=1287 USER=Divya STATUS=CANCELLED
2026-07-09 20:11:14 ORDER_ID=1288 USER=Priya STATUS=CANCELLED
2026-07-09 20:11:16 ORDER_ID=1289 USER=Divya STATUS=RETURNED
2026-07-09 20:11:18 ORDER_ID=1290 USER=Arun STATUS=RETURNED
2026-07-09 20:11:20 ORDER_ID=1291 USER=Priya STATUS=CANCELLED
2026-07-09 20:11:22 ORDER_ID=1292 USER=Divya STATUS=RETURNED
2026-07-09 20:11:24 ORDER_ID=1293 USER=Rahul STATUS=SUCCESS
2026-07-09 20:11:26 ORDER_ID=1294 USER=Divya STATUS=CANCELLED
2026-07-09 20:11:28 ORDER_ID=1295 USER=Priya STATUS=SUCCESS
2026-07-09 20:11:30 ORDER_ID=1296 USER=Ravi STATUS=CANCELLED
2026-07-09 20:11:32 ORDER_ID=1297 USER=Ravi STATUS=RETURNED
2026-07-09 20:11:34 ORDER_ID=1298 USER=Divya STATUS=RETURNED
2026-07-09 20:11:36 ORDER_ID=1299 USER=Kumar STATUS=CANCELLED
2026-07-09 20:11:38 ORDER_ID=1300 USER=Divya STATUS=RETURNED
2026-07-09 20:11:41 ORDER_ID=1301 USER=Anu STATUS=CANCELLED
2026-07-09 20:11:43 ORDER_ID=1302 USER=Karthik STATUS=RETURNED
2026-07-09 20:11:45 ORDER_ID=1303 USER=Arun STATUS=CANCELLED
2026-07-09 20:11:47 ORDER_ID=1304 USER=Priya STATUS=CANCELLED
2026-07-09 20:11:49 ORDER_ID=1305 USER=Priya STATUS=RETURNED
2026-07-09 20:11:51 ORDER_ID=1306 USER=Ravi STATUS=CANCELLED
2026-07-09 20:11:53 ORDER_ID=1307 USER=Divya STATUS=CANCELLED
2026-07-09 20:11:59 ORDER_ID=1309 USER=Divya STATUS=CANCELLED
2026-07-09 20:12:01 ORDER_ID=1310 USER=Kumar STATUS=CANCELLED
2026-07-09 20:12:03 ORDER_ID=1311 USER=Divya STATUS=SUCCESS
2026-07-09 20:12:05 ORDER_ID=1312 USER=Ravi STATUS=RETURNED
2026-07-09 20:12:07 ORDER_ID=1313 USER=Divya STATUS=RETURNED
2026-07-09 20:12:09 ORDER_ID=1314 USER=Kumar STATUS=SUCCESS
2026-07-09 20:12:11 ORDER_ID=1315 USER=Kumar STATUS=RETURNED
2026-07-09 20:12:14 ORDER_ID=1316 USER=Arun STATUS=RETURNED
2026-07-09 20:12:16 ORDER_ID=1317 USER=Priya STATUS=CANCELLED
2026-07-09 20:12:18 ORDER_ID=1318 USER=Ravi STATUS=RETURNED
2026-07-09 20:12:20 ORDER_ID=1319 USER=Rahul STATUS=CANCELLED
2026-07-09 20:12:22 ORDER_ID=1320 USER=Ravi STATUS=CANCELLED
2026-07-09 20:12:24 ORDER_ID=1321 USER=Rahul STATUS=RETURNED
2026-07-09 20:12:26 ORDER_ID=1322 USER=Anu STATUS=CANCELLED
2026-07-09 20:12:28 ORDER_ID=1323 USER=Priya STATUS=RETURNED
2026-07-09 20:12:30 ORDER_ID=1324 USER=Priya STATUS=RETURNED
2026-07-09 20:12:32 ORDER_ID=1325 USER=Kumar STATUS=SUCCESS
2026-07-09 20:12:34 ORDER_ID=1326 USER=Kumar STATUS=CANCELLED
2026-07-09 20:12:36 ORDER_ID=1327 USER=Divya STATUS=CANCELLED
2026-07-09 20:12:38 ORDER_ID=1328 USER=Kumar STATUS=SUCCESS
2026-07-09 20:12:40 ORDER_ID=1329 USER=Divya STATUS=RETURNED
2026-07-09 20:12:42 ORDER_ID=1330 USER=Divya STATUS=SUCCESS
2026-07-09 20:12:44 ORDER_ID=1331 USER=Divya STATUS=RETURNED
2026-07-09 20:12:46 ORDER_ID=1332 USER=Rahul STATUS=SUCCESS
2026-07-09 20:12:48 ORDER_ID=1333 USER=Divya STATUS=RETURNED
2026-07-09 20:12:50 ORDER_ID=1334 USER=Karthik STATUS=SUCCESS
2026-07-09 20:12:52 ORDER_ID=1335 USER=Ravi STATUS=CANCELLED
2026-07-09 20:12:54 ORDER_ID=1336 USER=Kumar STATUS=CANCELLED
2026-07-09 20:12:56 ORDER_ID=1337 USER=Priya STATUS=SUCCESS
2026-07-09 20:12:58 ORDER_ID=1338 USER=Ravi STATUS=CANCELLED
2026-07-09 20:13:00 ORDER_ID=1339 USER=Ravi STATUS=RETURNED
2026-07-09 20:13:02 ORDER_ID=1340 USER=Kumar STATUS=RETURNED
2026-07-09 20:13:05 ORDER_ID=1341 USER=Priya STATUS=CANCELLED
2026-07-09 20:13:07 ORDER_ID=1342 USER=Rahul STATUS=CANCELLED
2026-07-09 20:13:09 ORDER_ID=1343 USER=Karthik STATUS=RETURNED
2026-07-09 20:13:11 ORDER_ID=1344 USER=Karthik STATUS=SUCCESS
2026-07-09 20:13:13 ORDER_ID=1345 USER=Rahul STATUS=SUCCESS
2026-07-09 20:13:15 ORDER_ID=1346 USER=Karthik STATUS=SUCCESS
2026-07-09 20:13:17 ORDER_ID=1347 USER=Kumar STATUS=CANCELLED
2026-07-09 20:13:19 ORDER_ID=1348 USER=Rahul STATUS=RETURNED
2026-07-09 20:13:21 ORDER_ID=1349 USER=Priya STATUS=CANCELLED
2026-07-09 20:13:23 ORDER_ID=1350 USER=Priya STATUS=SUCCESS
2026-07-09 20:13:26 ORDER_ID=1351 USER=Karthik STATUS=SUCCESS
2026-07-09 20:13:36 ORDER_ID=1354 USER=Ravi STATUS=CANCELLED
2026-07-09 20:13:38 ORDER_ID=1355 USER=Karthik STATUS=CANCELLED
2026-07-09 20:13:41 ORDER_ID=1356 USER=Priya STATUS=RETURNED
2026-07-09 20:13:48 ORDER_ID=1358 USER=Anu STATUS=CANCELLED
2026-07-09 20:13:50 ORDER_ID=1359 USER=Kumar STATUS=CANCELLED
2026-07-09 20:13:52 ORDER_ID=1360 USER=Rahul STATUS=CANCELLED
2026-07-09 20:13:54 ORDER_ID=1361 USER=Priya STATUS=SUCCESS
2026-07-09 20:13:56 ORDER_ID=1362 USER=Ravi STATUS=SUCCESS
2026-07-09 20:13:58 ORDER_ID=1363 USER=Divya STATUS=CANCELLED
2026-07-09 20:14:00 ORDER_ID=1364 USER=Karthik STATUS=SUCCESS
2026-07-09 20:14:02 ORDER_ID=1365 USER=Priya STATUS=SUCCESS
2026-07-09 20:14:04 ORDER_ID=1366 USER=Kumar STATUS=RETURNED
2026-07-09 20:14:06 ORDER_ID=1367 USER=Kumar STATUS=CANCELLED
2026-07-09 20:14:08 ORDER_ID=1368 USER=Priya STATUS=SUCCESS
2026-07-09 20:14:10 ORDER_ID=1369 USER=Priya STATUS=SUCCESS
2026-07-09 20:14:13 ORDER_ID=1370 USER=Kumar STATUS=SUCCESS
2026-07-09 20:14:15 ORDER_ID=1371 USER=Anu STATUS=CANCELLED
2026-07-09 20:14:17 ORDER_ID=1372 USER=Rahul STATUS=RETURNED
2026-07-09 20:14:19 ORDER_ID=1373 USER=Ravi STATUS=RETURNED
2026-07-09 20:14:21 ORDER_ID=1374 USER=Divya STATUS=CANCELLED
2026-07-09 20:14:23 ORDER_ID=1375 USER=Ravi STATUS=RETURNED
2026-07-09 20:14:25 ORDER_ID=1376 USER=Kumar STATUS=RETURNED
2026-07-09 20:14:27 ORDER_ID=1377 USER=Priya STATUS=RETURNED
2026-07-09 20:14:29 ORDER_ID=1378 USER=Ravi STATUS=RETURNED
2026-07-09 20:14:31 ORDER_ID=1379 USER=Anu STATUS=SUCCESS
2026-07-09 20:14:33 ORDER_ID=1380 USER=Karthik STATUS=SUCCESS
2026-07-09 20:14:35 ORDER_ID=1381 USER=Karthik STATUS=CANCELLED
2026-07-09 20:14:37 ORDER_ID=1382 USER=Divya STATUS=SUCCESS
2026-07-09 20:14:39 ORDER_ID=1383 USER=Anu STATUS=SUCCESS
2026-07-09 20:14:41 ORDER_ID=1384 USER=Karthik STATUS=CANCELLED
2026-07-09 20:14:43 ORDER_ID=1385 USER=Anu STATUS=CANCELLED
2026-07-09 20:14:45 ORDER_ID=1386 USER=Arun STATUS=RETURNED
2026-07-09 20:14:47 ORDER_ID=1387 USER=Divya STATUS=RETURNED
2026-07-09 20:14:49 ORDER_ID=1388 USER=Arun STATUS=SUCCESS
2026-07-09 20:14:51 ORDER_ID=1389 USER=Ravi STATUS=CANCELLED
2026-07-09 20:14:54 ORDER_ID=1390 USER=Kumar STATUS=SUCCESS
2026-07-09 20:14:56 ORDER_ID=1391 USER=Rahul STATUS=RETURNED
2026-07-09 20:15:02 ORDER_ID=1393 USER=Ravi STATUS=SUCCESS
2026-07-09 20:15:09 ORDER_ID=1394 USER=Karthik STATUS=CANCELLED
2026-07-09 20:15:11 ORDER_ID=1395 USER=Kumar STATUS=CANCELLED
2026-07-09 20:15:13 ORDER_ID=1396 USER=Arun STATUS=CANCELLED
2026-07-09 20:15:15 ORDER_ID=1397 USER=Anu STATUS=SUCCESS
2026-07-09 20:15:17 ORDER_ID=1398 USER=Priya STATUS=RETURNED
2026-07-09 20:15:19 ORDER_ID=1399 USER=Priya STATUS=RETURNED
2026-07-09 20:15:22 ORDER_ID=1400 USER=Divya STATUS=SUCCESS
2026-07-09 20:15:30 ORDER_ID=1402 USER=Arun STATUS=RETURNED
2026-07-09 20:15:32 ORDER_ID=1403 USER=Karthik STATUS=CANCELLED
2026-07-09 20:15:34 ORDER_ID=1404 USER=Karthik STATUS=RETURNED
2026-07-09 20:15:37 ORDER_ID=1405 USER=Anu STATUS=CANCELLED
2026-07-09 20:15:39 ORDER_ID=1406 USER=Arun STATUS=SUCCESS
2026-07-09 20:15:41 ORDER_ID=1407 USER=Priya STATUS=RETURNED
2026-07-09 20:15:43 ORDER_ID=1408 USER=Ravi STATUS=RETURNED
2026-07-09 20:15:45 ORDER_ID=1409 USER=Karthik STATUS=RETURNED
2026-07-09 20:15:47 ORDER_ID=1410 USER=Ravi STATUS=CANCELLED
2026-07-09 20:15:49 ORDER_ID=1411 USER=Anu STATUS=SUCCESS
2026-07-09 20:15:52 ORDER_ID=1412 USER=Divya STATUS=SUCCESS
2026-07-09 20:15:54 ORDER_ID=1413 USER=Ravi STATUS=SUCCESS
2026-07-09 20:15:56 ORDER_ID=1414 USER=Ravi STATUS=SUCCESS
2026-07-09 20:15:58 ORDER_ID=1415 USER=Kumar STATUS=CANCELLED
2026-07-09 20:16:00 ORDER_ID=1416 USER=Ravi STATUS=CANCELLED
2026-07-09 20:16:02 ORDER_ID=1417 USER=Anu STATUS=SUCCESS
2026-07-09 20:16:04 ORDER_ID=1418 USER=Rahul STATUS=RETURNED
2026-07-09 20:16:06 ORDER_ID=1419 USER=Rahul STATUS=SUCCESS
2026-07-09 20:16:08 ORDER_ID=1420 USER=Divya STATUS=RETURNED
2026-07-09 20:16:10 ORDER_ID=1421 USER=Divya STATUS=RETURNED
2026-07-09 20:16:12 ORDER_ID=1422 USER=Rahul STATUS=SUCCESS
2026-07-09 20:16:14 ORDER_ID=1423 USER=Arun STATUS=SUCCESS
2026-07-09 20:16:16 ORDER_ID=1424 USER=Karthik STATUS=CANCELLED
2026-07-09 20:16:18 ORDER_ID=1425 USER=Arun STATUS=SUCCESS
2026-07-09 20:16:20 ORDER_ID=1426 USER=Arun STATUS=SUCCESS
2026-07-09 20:16:22 ORDER_ID=1427 USER=Anu STATUS=RETURNED
2026-07-09 20:16:24 ORDER_ID=1428 USER=Kumar STATUS=CANCELLED
2026-07-09 20:16:27 ORDER_ID=1429 USER=Priya STATUS=SUCCESS
2026-07-09 20:16:29 ORDER_ID=1430 USER=Priya STATUS=CANCELLED
2026-07-09 20:16:31 ORDER_ID=1431 USER=Ravi STATUS=SUCCESS
2026-07-09 20:16:33 ORDER_ID=1432 USER=Arun STATUS=SUCCESS
2026-07-09 20:16:35 ORDER_ID=1433 USER=Ravi STATUS=SUCCESS
2026-07-09 20:16:37 ORDER_ID=1434 USER=Ravi STATUS=RETURNED
2026-07-09 20:16:39 ORDER_ID=1435 USER=Arun STATUS=SUCCESS
2026-07-09 20:17:06 ORDER_ID=1437 USER=Anu STATUS=SUCCESS
2026-07-09 20:17:10 ORDER_ID=1438 USER=Divya STATUS=CANCELLED
2026-07-09 20:17:13 ORDER_ID=1439 USER=Anu STATUS=SUCCESS
2026-07-09 20:17:15 ORDER_ID=1440 USER=Rahul STATUS=CANCELLED
2026-07-09 20:17:17 ORDER_ID=1441 USER=Karthik STATUS=RETURNED
2026-07-09 20:17:19 ORDER_ID=1442 USER=Arun STATUS=SUCCESS
2026-07-09 20:17:21 ORDER_ID=1443 USER=Ravi STATUS=SUCCESS
2026-07-09 20:17:23 ORDER_ID=1444 USER=Ravi STATUS=SUCCESS
2026-07-09 20:17:25 ORDER_ID=1445 USER=Karthik STATUS=CANCELLED
2026-07-09 20:17:27 ORDER_ID=1446 USER=Anu STATUS=SUCCESS
2026-07-09 20:17:29 ORDER_ID=1447 USER=Divya STATUS=CANCELLED
2026-07-09 20:17:31 ORDER_ID=1448 USER=Karthik STATUS=RETURNED
2026-07-09 20:17:33 ORDER_ID=1449 USER=Karthik STATUS=CANCELLED
2026-07-09 20:17:35 ORDER_ID=1450 USER=Karthik STATUS=SUCCESS
2026-07-09 20:17:37 ORDER_ID=1451 USER=Anu STATUS=CANCELLED
2026-07-09 20:17:39 ORDER_ID=1452 USER=Kumar STATUS=CANCELLED
2026-07-09 20:17:41 ORDER_ID=1453 USER=Arun STATUS=RETURNED
2026-07-09 20:17:44 ORDER_ID=1454 USER=Priya STATUS=RETURNED
2026-07-09 20:17:46 ORDER_ID=1455 USER=Anu STATUS=CANCELLED
2026-07-09 20:17:48 ORDER_ID=1456 USER=Anu STATUS=SUCCESS
2026-07-09 20:17:50 ORDER_ID=1457 USER=Anu STATUS=RETURNED
2026-07-09 20:17:52 ORDER_ID=1458 USER=Divya STATUS=CANCELLED
2026-07-09 20:17:54 ORDER_ID=1459 USER=Kumar STATUS=CANCELLED
2026-07-09 20:17:56 ORDER_ID=1460 USER=Priya STATUS=SUCCESS
2026-07-09 20:17:58 ORDER_ID=1461 USER=Kumar STATUS=SUCCESS
2026-07-09 20:18:00 ORDER_ID=1462 USER=Arun STATUS=RETURNED
2026-07-09 20:18:02 ORDER_ID=1463 USER=Divya STATUS=SUCCESS
2026-07-09 20:18:04 ORDER_ID=1464 USER=Arun STATUS=SUCCESS
2026-07-09 20:18:06 ORDER_ID=1465 USER=Karthik STATUS=SUCCESS
2026-07-09 20:18:08 ORDER_ID=1466 USER=Rahul STATUS=RETURNED
2026-07-09 20:18:10 ORDER_ID=1467 USER=Divya STATUS=SUCCESS
2026-07-09 20:18:12 ORDER_ID=1468 USER=Karthik STATUS=CANCELLED
2026-07-09 20:18:14 ORDER_ID=1469 USER=Anu STATUS=SUCCESS
2026-07-09 20:18:16 ORDER_ID=1470 USER=Karthik STATUS=CANCELLED
2026-07-09 20:18:18 ORDER_ID=1471 USER=Karthik STATUS=SUCCESS
2026-07-09 20:18:20 ORDER_ID=1472 USER=Ravi STATUS=CANCELLED
2026-07-09 20:18:22 ORDER_ID=1473 USER=Karthik STATUS=CANCELLED
2026-07-09 20:18:24 ORDER_ID=1474 USER=Divya STATUS=RETURNED
2026-07-09 20:18:27 ORDER_ID=1475 USER=Karthik STATUS=CANCELLED
2026-07-09 20:18:29 ORDER_ID=1476 USER=Anu STATUS=RETURNED
2026-07-09 20:18:31 ORDER_ID=1477 USER=Priya STATUS=CANCELLED
2026-07-09 20:18:33 ORDER_ID=1478 USER=Priya STATUS=CANCELLED
2026-07-09 20:18:35 ORDER_ID=1479 USER=Rahul STATUS=RETURNED
2026-07-09 20:18:37 ORDER_ID=1480 USER=Divya STATUS=CANCELLED
2026-07-09 20:18:39 ORDER_ID=1481 USER=Kumar STATUS=CANCELLED
2026-07-09 20:18:41 ORDER_ID=1482 USER=Kumar STATUS=SUCCESS
2026-07-09 20:18:43 ORDER_ID=1483 USER=Rahul STATUS=RETURNED
2026-07-09 20:18:45 ORDER_ID=1484 USER=Kumar STATUS=SUCCESS
2026-07-09 20:18:47 ORDER_ID=1485 USER=Ravi STATUS=RETURNED
2026-07-09 20:18:49 ORDER_ID=1486 USER=Kumar STATUS=RETURNED
2026-07-09 20:18:51 ORDER_ID=1487 USER=Arun STATUS=SUCCESS
2026-07-09 20:18:53 ORDER_ID=1488 USER=Divya STATUS=SUCCESS
2026-07-09 20:18:55 ORDER_ID=1489 USER=Rahul STATUS=RETURNED
2026-07-09 20:18:57 ORDER_ID=1490 USER=Rahul STATUS=SUCCESS
2026-07-09 20:18:59 ORDER_ID=1491 USER=Kumar STATUS=CANCELLED
2026-07-09 20:19:01 ORDER_ID=1492 USER=Kumar STATUS=CANCELLED
2026-07-09 20:19:03 ORDER_ID=1493 USER=Priya STATUS=SUCCESS
2026-07-09 20:19:05 ORDER_ID=1494 USER=Priya STATUS=RETURNED
2026-07-09 20:19:07 ORDER_ID=1495 USER=Karthik STATUS=CANCELLED
2026-07-09 20:19:09 ORDER_ID=1496 USER=Arun STATUS=SUCCESS
2026-07-09 20:19:11 ORDER_ID=1497 USER=Karthik STATUS=CANCELLED
2026-07-09 20:19:13 ORDER_ID=1498 USER=Divya STATUS=SUCCESS
2026-07-09 20:19:15 ORDER_ID=1499 USER=Ravi STATUS=RETURNED
2026-07-09 20:19:17 ORDER_ID=1500 USER=Ravi STATUS=RETURNED
2026-07-09 20:19:19 ORDER_ID=1501 USER=Kumar STATUS=RETURNED
2026-07-09 20:19:21 ORDER_ID=1502 USER=Anu STATUS=CANCELLED
2026-07-09 20:19:23 ORDER_ID=1503 USER=Arun STATUS=SUCCESS
2026-07-09 20:19:25 ORDER_ID=1504 USER=Priya STATUS=SUCCESS
2026-07-09 20:19:27 ORDER_ID=1505 USER=Kumar STATUS=SUCCESS
2026-07-09 20:19:29 ORDER_ID=1506 USER=Priya STATUS=SUCCESS
2026-07-09 20:19:32 ORDER_ID=1507 USER=Priya STATUS=CANCELLED
2026-07-09 20:19:34 ORDER_ID=1508 USER=Anu STATUS=CANCELLED
2026-07-09 20:19:36 ORDER_ID=1509 USER=Rahul STATUS=RETURNED
2026-07-09 20:19:38 ORDER_ID=1510 USER=Divya STATUS=CANCELLED
2026-07-09 20:19:40 ORDER_ID=1511 USER=Arun STATUS=CANCELLED
2026-07-09 20:19:42 ORDER_ID=1512 USER=Rahul STATUS=SUCCESS
2026-07-09 20:19:44 ORDER_ID=1513 USER=Priya STATUS=RETURNED
2026-07-09 20:19:46 ORDER_ID=1514 USER=Priya STATUS=CANCELLED
2026-07-09 20:19:48 ORDER_ID=1515 USER=Kumar STATUS=RETURNED
2026-07-09 20:19:50 ORDER_ID=1516 USER=Ravi STATUS=SUCCESS
2026-07-09 20:19:52 ORDER_ID=1517 USER=Ravi STATUS=RETURNED
2026-07-09 20:19:54 ORDER_ID=1518 USER=Divya STATUS=CANCELLED
2026-07-09 20:19:56 ORDER_ID=1519 USER=Anu STATUS=SUCCESS
2026-07-09 20:19:58 ORDER_ID=1520 USER=Divya STATUS=CANCELLED
2026-07-09 20:20:00 ORDER_ID=1521 USER=Kumar STATUS=RETURNED
2026-07-09 20:20:02 ORDER_ID=1522 USER=Rahul STATUS=CANCELLED
2026-07-09 20:20:04 ORDER_ID=1523 USER=Priya STATUS=CANCELLED
2026-07-09 20:20:06 ORDER_ID=1524 USER=Kumar STATUS=CANCELLED
2026-07-09 20:20:08 ORDER_ID=1525 USER=Ravi STATUS=RETURNED
2026-07-09 20:20:10 ORDER_ID=1526 USER=Rahul STATUS=RETURNED
2026-07-09 20:20:12 ORDER_ID=1527 USER=Arun STATUS=RETURNED
2026-07-09 20:20:14 ORDER_ID=1528 USER=Anu STATUS=SUCCESS
2026-07-09 20:20:16 ORDER_ID=1529 USER=Arun STATUS=CANCELLED
2026-07-09 20:20:18 ORDER_ID=1530 USER=Ravi STATUS=SUCCESS
2026-07-09 20:20:20 ORDER_ID=1531 USER=Priya STATUS=SUCCESS
2026-07-09 20:20:22 ORDER_ID=1532 USER=Rahul STATUS=CANCELLED
2026-07-09 20:20:25 ORDER_ID=1533 USER=Anu STATUS=SUCCESS
2026-07-09 20:20:27 ORDER_ID=1534 USER=Anu STATUS=RETURNED
2026-07-09 20:20:29 ORDER_ID=1535 USER=Kumar STATUS=CANCELLED
2026-07-09 20:20:31 ORDER_ID=1536 USER=Priya STATUS=CANCELLED
2026-07-09 20:20:33 ORDER_ID=1537 USER=Anu STATUS=CANCELLED
2026-07-09 20:20:35 ORDER_ID=1538 USER=Rahul STATUS=SUCCESS
2026-07-09 20:20:37 ORDER_ID=1539 USER=Arun STATUS=CANCELLED
2026-07-09 20:20:39 ORDER_ID=1540 USER=Karthik STATUS=RETURNED
2026-07-09 20:20:41 ORDER_ID=1541 USER=Karthik STATUS=CANCELLED
2026-07-09 20:20:43 ORDER_ID=1542 USER=Ravi STATUS=RETURNED
2026-07-09 20:20:45 ORDER_ID=1543 USER=Karthik STATUS=CANCELLED
2026-07-09 20:20:47 ORDER_ID=1544 USER=Arun STATUS=RETURNED
2026-07-09 20:20:49 ORDER_ID=1545 USER=Divya STATUS=SUCCESS
2026-07-09 20:20:51 ORDER_ID=1546 USER=Arun STATUS=SUCCESS
2026-07-09 20:20:53 ORDER_ID=1547 USER=Rahul STATUS=SUCCESS
2026-07-09 20:20:55 ORDER_ID=1548 USER=Priya STATUS=RETURNED
2026-07-09 20:20:57 ORDER_ID=1549 USER=Ravi STATUS=RETURNED
2026-07-09 20:20:59 ORDER_ID=1550 USER=Divya STATUS=CANCELLED
2026-07-09 20:21:01 ORDER_ID=1551 USER=Kumar STATUS=RETURNED
2026-07-09 20:21:03 ORDER_ID=1552 USER=Kumar STATUS=CANCELLED
2026-07-09 20:21:05 ORDER_ID=1553 USER=Divya STATUS=SUCCESS
2026-07-09 20:21:07 ORDER_ID=1554 USER=Arun STATUS=SUCCESS
2026-07-09 20:21:09 ORDER_ID=1555 USER=Ravi STATUS=CANCELLED
2026-07-09 20:21:11 ORDER_ID=1556 USER=Anu STATUS=SUCCESS
2026-07-09 20:21:13 ORDER_ID=1557 USER=Rahul STATUS=CANCELLED
2026-07-09 20:21:16 ORDER_ID=1558 USER=Divya STATUS=CANCELLED
2026-07-09 20:21:18 ORDER_ID=1559 USER=Kumar STATUS=SUCCESS
2026-07-09 20:21:20 ORDER_ID=1560 USER=Ravi STATUS=RETURNED
2026-07-09 20:21:22 ORDER_ID=1561 USER=Ravi STATUS=RETURNED
2026-07-09 20:21:24 ORDER_ID=1562 USER=Arun STATUS=CANCELLED
2026-07-09 20:21:26 ORDER_ID=1563 USER=Arun STATUS=RETURNED
2026-07-09 20:21:28 ORDER_ID=1564 USER=Anu STATUS=CANCELLED
2026-07-09 20:21:30 ORDER_ID=1565 USER=Priya STATUS=RETURNED
2026-07-09 20:21:32 ORDER_ID=1566 USER=Ravi STATUS=SUCCESS
2026-07-09 20:21:34 ORDER_ID=1567 USER=Divya STATUS=RETURNED
2026-07-09 20:21:36 ORDER_ID=1568 USER=Ravi STATUS=CANCELLED
2026-07-09 20:21:38 ORDER_ID=1569 USER=Anu STATUS=CANCELLED
2026-07-09 20:21:40 ORDER_ID=1570 USER=Rahul STATUS=CANCELLED
2026-07-09 20:21:42 ORDER_ID=1571 USER=Divya STATUS=RETURNED
2026-07-09 20:21:44 ORDER_ID=1572 USER=Karthik STATUS=SUCCESS
2026-07-09 20:21:46 ORDER_ID=1573 USER=Divya STATUS=CANCELLED
2026-07-09 20:21:48 ORDER_ID=1574 USER=Karthik STATUS=RETURNED
2026-07-09 20:21:50 ORDER_ID=1575 USER=Karthik STATUS=CANCELLED
2026-07-09 20:21:52 ORDER_ID=1576 USER=Anu STATUS=CANCELLED
2026-07-09 20:21:54 ORDER_ID=1577 USER=Arun STATUS=RETURNED
2026-07-09 20:21:56 ORDER_ID=1578 USER=Anu STATUS=RETURNED
2026-07-09 20:21:58 ORDER_ID=1579 USER=Priya STATUS=SUCCESS
2026-07-09 20:22:00 ORDER_ID=1580 USER=Rahul STATUS=SUCCESS
2026-07-09 20:22:02 ORDER_ID=1581 USER=Kumar STATUS=SUCCESS
2026-07-09 20:22:04 ORDER_ID=1582 USER=Kumar STATUS=CANCELLED
2026-07-09 20:22:06 ORDER_ID=1583 USER=Anu STATUS=RETURNED
2026-07-09 20:22:08 ORDER_ID=1584 USER=Kumar STATUS=RETURNED
2026-07-09 20:22:10 ORDER_ID=1585 USER=Rahul STATUS=SUCCESS
2026-07-09 20:22:12 ORDER_ID=1586 USER=Arun STATUS=CANCELLED
2026-07-09 20:22:14 ORDER_ID=1587 USER=Karthik STATUS=SUCCESS
2026-07-09 20:22:17 ORDER_ID=1588 USER=Rahul STATUS=RETURNED
2026-07-09 20:22:19 ORDER_ID=1589 USER=Priya STATUS=RETURNED
2026-07-09 20:22:21 ORDER_ID=1590 USER=Ravi STATUS=RETURNED
2026-07-09 20:22:23 ORDER_ID=1591 USER=Kumar STATUS=SUCCESS
2026-07-09 20:22:25 ORDER_ID=1592 USER=Kumar STATUS=RETURNED
2026-07-09 20:22:27 ORDER_ID=1593 USER=Priya STATUS=RETURNED
2026-07-09 20:22:29 ORDER_ID=1594 USER=Karthik STATUS=SUCCESS
2026-07-09 20:22:31 ORDER_ID=1595 USER=Divya STATUS=CANCELLED
2026-07-09 20:22:33 ORDER_ID=1596 USER=Priya STATUS=SUCCESS
2026-07-09 20:22:35 ORDER_ID=1597 USER=Arun STATUS=SUCCESS
2026-07-09 20:22:37 ORDER_ID=1598 USER=Divya STATUS=SUCCESS
2026-07-09 20:22:39 ORDER_ID=1599 USER=Karthik STATUS=SUCCESS
2026-07-09 20:22:41 ORDER_ID=1600 USER=Rahul STATUS=CANCELLED
2026-07-09 20:22:43 ORDER_ID=1601 USER=Ravi STATUS=CANCELLED
2026-07-09 20:22:45 ORDER_ID=1602 USER=Priya STATUS=RETURNED
2026-07-09 20:22:47 ORDER_ID=1603 USER=Rahul STATUS=CANCELLED
2026-07-09 20:22:49 ORDER_ID=1604 USER=Arun STATUS=SUCCESS
2026-07-09 20:22:51 ORDER_ID=1605 USER=Priya STATUS=SUCCESS
2026-07-09 20:22:53 ORDER_ID=1606 USER=Divya STATUS=CANCELLED
2026-07-09 20:22:55 ORDER_ID=1607 USER=Rahul STATUS=SUCCESS
2026-07-09 20:22:57 ORDER_ID=1608 USER=Priya STATUS=SUCCESS
2026-07-09 20:22:59 ORDER_ID=1609 USER=Priya STATUS=CANCELLED
2026-07-09 20:23:01 ORDER_ID=1610 USER=Divya STATUS=CANCELLED
2026-07-09 20:23:03 ORDER_ID=1611 USER=Rahul STATUS=RETURNED
2026-07-09 20:23:05 ORDER_ID=1612 USER=Ravi STATUS=RETURNED
2026-07-09 20:23:07 ORDER_ID=1613 USER=Kumar STATUS=RETURNED
2026-07-09 20:23:09 ORDER_ID=1614 USER=Rahul STATUS=CANCELLED
2026-07-09 20:23:12 ORDER_ID=1615 USER=Ravi STATUS=SUCCESS
2026-07-09 20:23:14 ORDER_ID=1616 USER=Kumar STATUS=CANCELLED
2026-07-09 20:23:16 ORDER_ID=1617 USER=Anu STATUS=SUCCESS
2026-07-09 20:23:18 ORDER_ID=1618 USER=Anu STATUS=RETURNED
2026-07-09 20:23:20 ORDER_ID=1619 USER=Kumar STATUS=CANCELLED
2026-07-09 20:23:22 ORDER_ID=1620 USER=Ravi STATUS=RETURNED
2026-07-09 20:23:24 ORDER_ID=1621 USER=Karthik STATUS=RETURNED
2026-07-09 20:23:26 ORDER_ID=1622 USER=Anu STATUS=SUCCESS
2026-07-09 20:23:28 ORDER_ID=1623 USER=Divya STATUS=RETURNED
2026-07-09 20:23:30 ORDER_ID=1624 USER=Divya STATUS=CANCELLED
2026-07-09 20:23:32 ORDER_ID=1625 USER=Arun STATUS=CANCELLED
2026-07-09 20:23:34 ORDER_ID=1626 USER=Anu STATUS=RETURNED
2026-07-09 20:23:36 ORDER_ID=1627 USER=Priya STATUS=RETURNED
2026-07-09 20:23:38 ORDER_ID=1628 USER=Anu STATUS=RETURNED
2026-07-09 20:23:40 ORDER_ID=1629 USER=Ravi STATUS=CANCELLED
2026-07-09 20:23:42 ORDER_ID=1630 USER=Rahul STATUS=RETURNED
2026-07-09 20:23:44 ORDER_ID=1631 USER=Priya STATUS=CANCELLED
2026-07-09 20:23:46 ORDER_ID=1632 USER=Ravi STATUS=CANCELLED
2026-07-09 20:23:48 ORDER_ID=1633 USER=Divya STATUS=RETURNED
2026-07-09 20:23:50 ORDER_ID=1634 USER=Kumar STATUS=SUCCESS
2026-07-09 20:23:52 ORDER_ID=1635 USER=Karthik STATUS=CANCELLED
2026-07-09 20:23:54 ORDER_ID=1636 USER=Rahul STATUS=RETURNED
2026-07-09 20:23:56 ORDER_ID=1637 USER=Divya STATUS=CANCELLED
2026-07-09 20:23:58 ORDER_ID=1638 USER=Kumar STATUS=RETURNED
2026-07-09 20:24:00 ORDER_ID=1639 USER=Divya STATUS=SUCCESS
2026-07-09 20:24:02 ORDER_ID=1640 USER=Kumar STATUS=RETURNED
2026-07-09 20:24:05 ORDER_ID=1641 USER=Rahul STATUS=SUCCESS
2026-07-09 20:24:07 ORDER_ID=1642 USER=Ravi STATUS=RETURNED
2026-07-09 20:24:09 ORDER_ID=1643 USER=Arun STATUS=RETURNED
2026-07-09 20:24:11 ORDER_ID=1644 USER=Anu STATUS=SUCCESS
2026-07-09 20:24:13 ORDER_ID=1645 USER=Kumar STATUS=SUCCESS
2026-07-09 20:24:15 ORDER_ID=1646 USER=Arun STATUS=SUCCESS
2026-07-09 20:24:17 ORDER_ID=1647 USER=Arun STATUS=CANCELLED
2026-07-09 20:24:19 ORDER_ID=1648 USER=Arun STATUS=SUCCESS
2026-07-09 20:24:21 ORDER_ID=1649 USER=Ravi STATUS=CANCELLED
2026-07-09 20:24:23 ORDER_ID=1650 USER=Rahul STATUS=RETURNED
2026-07-09 20:24:25 ORDER_ID=1651 USER=Arun STATUS=CANCELLED
2026-07-09 20:24:27 ORDER_ID=1652 USER=Priya STATUS=RETURNED
2026-07-09 20:24:29 ORDER_ID=1653 USER=Priya STATUS=SUCCESS
2026-07-09 20:24:31 ORDER_ID=1654 USER=Anu STATUS=RETURNED
2026-07-09 20:24:33 ORDER_ID=1655 USER=Arun STATUS=SUCCESS
2026-07-09 20:24:35 ORDER_ID=1656 USER=Karthik STATUS=CANCELLED
2026-07-09 20:24:37 ORDER_ID=1657 USER=Karthik STATUS=SUCCESS
2026-07-09 20:24:40 ORDER_ID=1658 USER=Kumar STATUS=SUCCESS
2026-07-09 20:24:42 ORDER_ID=1659 USER=Anu STATUS=RETURNED
2026-07-09 20:24:44 ORDER_ID=1660 USER=Priya STATUS=SUCCESS
2026-07-09 20:24:46 ORDER_ID=1661 USER=Divya STATUS=SUCCESS
2026-07-09 20:24:48 ORDER_ID=1662 USER=Arun STATUS=RETURNED
2026-07-09 20:24:50 ORDER_ID=1663 USER=Kumar STATUS=SUCCESS
2026-07-09 20:24:52 ORDER_ID=1664 USER=Priya STATUS=CANCELLED
2026-07-09 20:24:54 ORDER_ID=1665 USER=Kumar STATUS=SUCCESS
2026-07-09 20:24:56 ORDER_ID=1666 USER=Anu STATUS=SUCCESS
2026-07-09 20:24:58 ORDER_ID=1667 USER=Ravi STATUS=CANCELLED
2026-07-09 20:25:00 ORDER_ID=1668 USER=Karthik STATUS=SUCCESS
2026-07-09 20:25:02 ORDER_ID=1669 USER=Priya STATUS=RETURNED
2026-07-09 20:25:05 ORDER_ID=1670 USER=Rahul STATUS=RETURNED
2026-07-09 20:25:07 ORDER_ID=1671 USER=Divya STATUS=SUCCESS
2026-07-09 20:25:09 ORDER_ID=1672 USER=Anu STATUS=RETURNED
2026-07-09 20:25:11 ORDER_ID=1673 USER=Kumar STATUS=CANCELLED
2026-07-09 20:25:13 ORDER_ID=1674 USER=Karthik STATUS=SUCCESS
2026-07-09 20:25:15 ORDER_ID=1675 USER=Kumar STATUS=RETURNED
2026-07-09 20:25:17 ORDER_ID=1676 USER=Divya STATUS=RETURNED
2026-07-09 20:25:19 ORDER_ID=1677 USER=Priya STATUS=RETURNED
2026-07-09 20:25:21 ORDER_ID=1678 USER=Divya STATUS=SUCCESS
2026-07-09 20:25:23 ORDER_ID=1679 USER=Ravi STATUS=SUCCESS
2026-07-09 20:25:25 ORDER_ID=1680 USER=Anu STATUS=RETURNED
2026-07-09 20:25:27 ORDER_ID=1681 USER=Priya STATUS=SUCCESS
2026-07-09 20:25:29 ORDER_ID=1682 USER=Priya STATUS=SUCCESS
2026-07-09 20:25:31 ORDER_ID=1683 USER=Rahul STATUS=RETURNED
2026-07-09 20:25:33 ORDER_ID=1684 USER=Divya STATUS=SUCCESS
2026-07-09 20:25:35 ORDER_ID=1685 USER=Karthik STATUS=SUCCESS
2026-07-09 20:25:37 ORDER_ID=1686 USER=Ravi STATUS=SUCCESS
2026-07-09 20:25:39 ORDER_ID=1687 USER=Rahul STATUS=SUCCESS
2026-07-09 20:25:42 ORDER_ID=1688 USER=Kumar STATUS=SUCCESS
2026-07-09 20:25:44 ORDER_ID=1689 USER=Priya STATUS=RETURNED
2026-07-09 20:25:46 ORDER_ID=1690 USER=Anu STATUS=CANCELLED
2026-07-09 20:25:49 ORDER_ID=1691 USER=Karthik STATUS=SUCCESS
2026-07-09 20:25:51 ORDER_ID=1692 USER=Arun STATUS=SUCCESS
2026-07-09 20:25:53 ORDER_ID=1693 USER=Kumar STATUS=RETURNED
2026-07-09 20:25:55 ORDER_ID=1694 USER=Kumar STATUS=SUCCESS
2026-07-09 20:25:57 ORDER_ID=1695 USER=Ravi STATUS=SUCCESS
2026-07-09 20:25:59 ORDER_ID=1696 USER=Rahul STATUS=SUCCESS
2026-07-09 20:26:01 ORDER_ID=1697 USER=Kumar STATUS=RETURNED
2026-07-09 20:26:03 ORDER_ID=1698 USER=Kumar STATUS=CANCELLED
2026-07-09 20:26:05 ORDER_ID=1699 USER=Divya STATUS=SUCCESS
2026-07-09 20:26:07 ORDER_ID=1700 USER=Arun STATUS=RETURNED
2026-07-09 20:26:09 ORDER_ID=1701 USER=Rahul STATUS=CANCELLED
2026-07-09 20:26:11 ORDER_ID=1702 USER=Kumar STATUS=SUCCESS
2026-07-09 20:26:14 ORDER_ID=1703 USER=Arun STATUS=CANCELLED
2026-07-09 20:26:16 ORDER_ID=1704 USER=Rahul STATUS=RETURNED
2026-07-09 20:26:18 ORDER_ID=1705 USER=Rahul STATUS=CANCELLED
2026-07-09 20:26:20 ORDER_ID=1706 USER=Rahul STATUS=CANCELLED
