2026-07-09 20:01:16 ORDER_ID=1005 USER=Rahul STATUS=RETURNED
2026-07-09 20:01:23 ORDER_ID=1008 USER=Karthik STATUS=RETURNED
2026-07-09 20:01:27 ORDER_ID=1010 USER=Kumar STATUS=RETURNED
2026-07-09 20:01:35 ORDER_ID=1014 USER=Rahul STATUS=RETURNED
2026-07-09 20:01:37 ORDER_ID=1015 USER=Divya STATUS=RETURNED
2026-07-09 20:01:39 ORDER_ID=1016 USER=Priya STATUS=RETURNED
2026-07-09 20:01:41 ORDER_ID=1017 USER=Karthik STATUS=RETURNED
2026-07-09 20:01:45 ORDER_ID=1019 USER=Kumar STATUS=RETURNED
2026-07-09 20:01:47 ORDER_ID=1020 USER=Ravi STATUS=RETURNED
2026-07-09 20:02:03 ORDER_ID=1028 USER=Karthik STATUS=RETURNED
2026-07-09 20:02:08 ORDER_ID=1030 USER=Divya STATUS=RETURNED
2026-07-09 20:02:20 ORDER_ID=1036 USER=Karthik STATUS=RETURNED
2026-07-09 20:02:36 ORDER_ID=1044 USER=Priya STATUS=RETURNED
2026-07-09 20:02:53 ORDER_ID=1052 USER=Priya STATUS=RETURNED
2026-07-09 20:03:07 ORDER_ID=1059 USER=Ravi STATUS=RETURNED
2026-07-09 20:03:20 ORDER_ID=1065 USER=Karthik STATUS=RETURNED
2026-07-09 20:03:26 ORDER_ID=1068 USER=Ravi STATUS=RETURNED
2026-07-09 20:03:30 ORDER_ID=1070 USER=Anu STATUS=RETURNED
2026-07-09 20:03:36 ORDER_ID=1073 USER=Karthik STATUS=RETURNED
2026-07-09 20:03:59 ORDER_ID=1084 USER=Arun STATUS=RETURNED
2026-07-09 20:04:05 ORDER_ID=1087 USER=Anu STATUS=RETURNED
2026-07-09 20:04:07 ORDER_ID=1088 USER=Kumar STATUS=RETURNED
2026-07-09 20:04:11 ORDER_ID=1090 USER=Rahul STATUS=RETURNED
2026-07-09 20:04:13 ORDER_ID=1091 USER=Karthik STATUS=RETURNED
2026-07-09 20:04:15 ORDER_ID=1092 USER=Divya STATUS=RETURNED
2026-07-09 20:04:17 ORDER_ID=1093 USER=Divya STATUS=RETURNED
2026-07-09 20:04:19 ORDER_ID=1094 USER=Divya STATUS=RETURNED
2026-07-09 20:04:21 ORDER_ID=1095 USER=Arun STATUS=RETURNED
2026-07-09 20:04:37 ORDER_ID=1103 USER=Anu STATUS=RETURNED
2026-07-09 20:04:41 ORDER_ID=1105 USER=Anu STATUS=RETURNED
2026-07-09 20:04:45 ORDER_ID=1107 USER=Priya STATUS=RETURNED
2026-07-09 20:04:49 ORDER_ID=1109 USER=Rahul STATUS=RETURNED
2026-07-09 20:04:52 ORDER_ID=1110 USER=Rahul STATUS=RETURNED
2026-07-09 20:04:58 ORDER_ID=1113 USER=Arun STATUS=RETURNED
2026-07-09 20:05:02 ORDER_ID=1115 USER=Priya STATUS=RETURNED
2026-07-09 20:05:05 ORDER_ID=1116 USER=Arun STATUS=RETURNED
2026-07-09 20:05:07 ORDER_ID=1117 USER=Rahul STATUS=RETURNED
2026-07-09 20:05:13 ORDER_ID=1120 USER=Arun STATUS=RETURNED
2026-07-09 20:05:15 ORDER_ID=1121 USER=Karthik STATUS=RETURNED
2026-07-09 20:05:29 ORDER_ID=1128 USER=Ravi STATUS=RETURNED
2026-07-09 20:05:31 ORDER_ID=1129 USER=Divya STATUS=RETURNED
2026-07-09 20:05:40 ORDER_ID=1133 USER=Divya STATUS=RETURNED
2026-07-09 20:05:46 ORDER_ID=1136 USER=Rahul STATUS=RETURNED
2026-07-09 20:05:48 ORDER_ID=1137 USER=Ravi STATUS=RETURNED
2026-07-09 20:05:54 ORDER_ID=1140 USER=Priya STATUS=RETURNED
2026-07-09 20:05:56 ORDER_ID=1141 USER=Kumar STATUS=RETURNED
2026-07-09 20:05:58 ORDER_ID=1142 USER=Karthik STATUS=RETURNED
2026-07-09 20:06:02 ORDER_ID=1144 USER=Anu STATUS=RETURNED
2026-07-09 20:06:06 ORDER_ID=1146 USER=Karthik STATUS=RETURNED
2026-07-09 20:06:13 ORDER_ID=1149 USER=Divya STATUS=RETURNED
2026-07-09 20:06:15 ORDER_ID=1150 USER=Ravi STATUS=RETURNED
2026-07-09 20:06:25 ORDER_ID=1155 USER=Divya STATUS=RETURNED
2026-07-09 20:06:29 ORDER_ID=1157 USER=Kumar STATUS=RETURNED
2026-07-09 20:06:39 ORDER_ID=1162 USER=Anu STATUS=RETURNED
2026-07-09 20:06:47 ORDER_ID=1166 USER=Ravi STATUS=RETURNED
2026-07-09 20:06:49 ORDER_ID=1167 USER=Ravi STATUS=RETURNED
2026-07-09 20:06:57 ORDER_ID=1171 USER=Karthik STATUS=RETURNED
2026-07-09 20:06:59 ORDER_ID=1172 USER=Divya STATUS=RETURNED
2026-07-09 20:07:08 ORDER_ID=1176 USER=Kumar STATUS=RETURNED
2026-07-09 20:07:10 ORDER_ID=1177 USER=Divya STATUS=RETURNED
2026-07-09 20:07:12 ORDER_ID=1178 USER=Karthik STATUS=RETURNED
2026-07-09 20:07:37 ORDER_ID=1190 USER=Karthik STATUS=RETURNED
2026-07-09 20:07:41 ORDER_ID=1192 USER=Kumar STATUS=RETURNED
2026-07-09 20:07:43 ORDER_ID=1193 USER=Kumar STATUS=RETURNED
2026-07-09 20:07:55 ORDER_ID=1199 USER=Ravi STATUS=RETURNED
2026-07-09 20:07:57 ORDER_ID=1200 USER=Divya STATUS=RETURNED
2026-07-09 20:08:06 ORDER_ID=1204 USER=Arun STATUS=RETURNED
2026-07-09 20:08:17 ORDER_ID=1209 USER=Divya STATUS=RETURNED
2026-07-09 20:08:23 ORDER_ID=1212 USER=Ravi STATUS=RETURNED
2026-07-09 20:08:29 ORDER_ID=1215 USER=Priya STATUS=RETURNED
2026-07-09 20:08:45 ORDER_ID=1223 USER=Karthik STATUS=RETURNED
2026-07-09 20:08:51 ORDER_ID=1225 USER=Ravi STATUS=RETURNED
2026-07-09 20:08:56 ORDER_ID=1227 USER=Karthik STATUS=RETURNED
2026-07-09 20:09:07 ORDER_ID=1232 USER=Karthik STATUS=RETURNED
2026-07-09 20:09:11 ORDER_ID=1234 USER=Arun STATUS=RETURNED
2026-07-09 20:09:24 ORDER_ID=1240 USER=Rahul STATUS=RETURNED
2026-07-09 20:09:32 ORDER_ID=1244 USER=Ravi STATUS=RETURNED
2026-07-09 20:09:39 ORDER_ID=1247 USER=Arun STATUS=RETURNED
2026-07-09 20:09:41 ORDER_ID=1248 USER=Divya STATUS=RETURNED
2026-07-09 20:09:45 ORDER_ID=1250 USER=Arun STATUS=RETURNED
2026-07-09 20:09:53 ORDER_ID=1254 USER=Karthik STATUS=RETURNED
2026-07-09 20:10:00 ORDER_ID=1257 USER=Divya STATUS=RETURNED
2026-07-09 20:10:08 ORDER_ID=1261 USER=Ravi STATUS=RETURNED
2026-07-09 20:10:14 ORDER_ID=1264 USER=Divya STATUS=RETURNED
2026-07-09 20:10:30 ORDER_ID=1269 USER=Rahul STATUS=RETURNED
2026-07-09 20:10:34 ORDER_ID=1271 USER=Rahul STATUS=RETURNED
2026-07-09 20:10:40 ORDER_ID=1274 USER=Priya STATUS=RETURNED
2026-07-09 20:10:48 ORDER_ID=1278 USER=Arun STATUS=RETURNED
2026-07-09 20:11:04 ORDER_ID=1284 USER=Priya STATUS=RETURNED
2026-07-09 20:11:10 ORDER_ID=1286 USER=Anu STATUS=RETURNED
2026-07-09 20:11:16 ORDER_ID=1289 USER=Divya STATUS=RETURNED
2026-07-09 20:11:18 ORDER_ID=1290 USER=Arun STATUS=RETURNED
2026-07-09 20:11:22 ORDER_ID=1292 USER=Divya STATUS=RETURNED
2026-07-09 20:11:32 ORDER_ID=1297 USER=Ravi STATUS=RETURNED
2026-07-09 20:11:34 ORDER_ID=1298 USER=Divya STATUS=RETURNED
2026-07-09 20:11:38 ORDER_ID=1300 USER=Divya STATUS=RETURNED
2026-07-09 20:11:43 ORDER_ID=1302 USER=Karthik STATUS=RETURNED
2026-07-09 20:11:49 ORDER_ID=1305 USER=Priya STATUS=RETURNED
2026-07-09 20:11:55 ORDER_ID=1308 USER=Kumar STATUS=RETURNED
2026-07-09 20:12:05 ORDER_ID=1312 USER=Ravi STATUS=RETURNED
2026-07-09 20:12:07 ORDER_ID=1313 USER=Divya STATUS=RETURNED
2026-07-09 20:12:11 ORDER_ID=1315 USER=Kumar STATUS=RETURNED
2026-07-09 20:12:14 ORDER_ID=1316 USER=Arun STATUS=RETURNED
2026-07-09 20:12:18 ORDER_ID=1318 USER=Ravi STATUS=RETURNED
2026-07-09 20:12:24 ORDER_ID=1321 USER=Rahul STATUS=RETURNED
2026-07-09 20:12:28 ORDER_ID=1323 USER=Priya STATUS=RETURNED
2026-07-09 20:12:30 ORDER_ID=1324 USER=Priya STATUS=RETURNED
2026-07-09 20:12:40 ORDER_ID=1329 USER=Divya STATUS=RETURNED
2026-07-09 20:12:44 ORDER_ID=1331 USER=Divya STATUS=RETURNED
2026-07-09 20:12:48 ORDER_ID=1333 USER=Divya STATUS=RETURNED
2026-07-09 20:13:00 ORDER_ID=1339 USER=Ravi STATUS=RETURNED
2026-07-09 20:13:02 ORDER_ID=1340 USER=Kumar STATUS=RETURNED
2026-07-09 20:13:09 ORDER_ID=1343 USER=Karthik STATUS=RETURNED
2026-07-09 20:13:19 ORDER_ID=1348 USER=Rahul STATUS=RETURNED
2026-07-09 20:13:28 ORDER_ID=1352 USER=Rahul STATUS=RETURNED
2026-07-09 20:13:32 ORDER_ID=1353 USER=Karthik STATUS=RETURNED
2026-07-09 20:13:41 ORDER_ID=1356 USER=Priya STATUS=RETURNED
2026-07-09 20:14:04 ORDER_ID=1366 USER=Kumar STATUS=RETURNED
2026-07-09 20:14:17 ORDER_ID=1372 USER=Rahul STATUS=RETURNED
2026-07-09 20:14:19 ORDER_ID=1373 USER=Ravi STATUS=RETURNED
2026-07-09 20:14:23 ORDER_ID=1375 USER=Ravi STATUS=RETURNED
2026-07-09 20:14:25 ORDER_ID=1376 USER=Kumar STATUS=RETURNED
2026-07-09 20:14:27 ORDER_ID=1377 USER=Priya STATUS=RETURNED
2026-07-09 20:14:29 ORDER_ID=1378 USER=Ravi STATUS=RETURNED
2026-07-09 20:14:45 ORDER_ID=1386 USER=Arun STATUS=RETURNED
2026-07-09 20:14:47 ORDER_ID=1387 USER=Divya STATUS=RETURNED
2026-07-09 20:14:56 ORDER_ID=1391 USER=Rahul STATUS=RETURNED
2026-07-09 20:14:58 ORDER_ID=1392 USER=Arun STATUS=RETURNED
2026-07-09 20:15:17 ORDER_ID=1398 USER=Priya STATUS=RETURNED
2026-07-09 20:15:19 ORDER_ID=1399 USER=Priya STATUS=RETURNED
2026-07-09 20:15:24 ORDER_ID=1401 USER=Kumar STATUS=RETURNED
2026-07-09 20:15:30 ORDER_ID=1402 USER=Arun STATUS=RETURNED
2026-07-09 20:15:34 ORDER_ID=1404 USER=Karthik STATUS=RETURNED
2026-07-09 20:15:41 ORDER_ID=1407 USER=Priya STATUS=RETURNED
2026-07-09 20:15:43 ORDER_ID=1408 USER=Ravi STATUS=RETURNED
2026-07-09 20:15:45 ORDER_ID=1409 USER=Karthik STATUS=RETURNED
2026-07-09 20:16:04 ORDER_ID=1418 USER=Rahul STATUS=RETURNED
2026-07-09 20:16:08 ORDER_ID=1420 USER=Divya STATUS=RETURNED
2026-07-09 20:16:10 ORDER_ID=1421 USER=Divya STATUS=RETURNED
2026-07-09 20:16:22 ORDER_ID=1427 USER=Anu STATUS=RETURNED
2026-07-09 20:16:37 ORDER_ID=1434 USER=Ravi STATUS=RETURNED
2026-07-09 20:17:17 ORDER_ID=1441 USER=Karthik STATUS=RETURNED
2026-07-09 20:17:31 ORDER_ID=1448 USER=Karthik STATUS=RETURNED
2026-07-09 20:17:41 ORDER_ID=1453 USER=Arun STATUS=RETURNED
2026-07-09 20:17:44 ORDER_ID=1454 USER=Priya STATUS=RETURNED
2026-07-09 20:17:50 ORDER_ID=1457 USER=Anu STATUS=RETURNED
2026-07-09 20:18:00 ORDER_ID=1462 USER=Arun STATUS=RETURNED
2026-07-09 20:18:08 ORDER_ID=1466 USER=Rahul STATUS=RETURNED
2026-07-09 20:18:24 ORDER_ID=1474 USER=Divya STATUS=RETURNED
2026-07-09 20:18:29 ORDER_ID=1476 USER=Anu STATUS=RETURNED
2026-07-09 20:18:35 ORDER_ID=1479 USER=Rahul STATUS=RETURNED
2026-07-09 20:18:43 ORDER_ID=1483 USER=Rahul STATUS=RETURNED
2026-07-09 20:18:47 ORDER_ID=1485 USER=Ravi STATUS=RETURNED
2026-07-09 20:18:49 ORDER_ID=1486 USER=Kumar STATUS=RETURNED
2026-07-09 20:18:55 ORDER_ID=1489 USER=Rahul STATUS=RETURNED
2026-07-09 20:19:05 ORDER_ID=1494 USER=Priya STATUS=RETURNED
2026-07-09 20:19:15 ORDER_ID=1499 USER=Ravi STATUS=RETURNED
2026-07-09 20:19:17 ORDER_ID=1500 USER=Ravi STATUS=RETURNED
2026-07-09 20:19:19 ORDER_ID=1501 USER=Kumar STATUS=RETURNED
2026-07-09 20:19:36 ORDER_ID=1509 USER=Rahul STATUS=RETURNED
2026-07-09 20:19:44 ORDER_ID=1513 USER=Priya STATUS=RETURNED
2026-07-09 20:19:48 ORDER_ID=1515 USER=Kumar STATUS=RETURNED
2026-07-09 20:19:52 ORDER_ID=1517 USER=Ravi STATUS=RETURNED
2026-07-09 20:20:00 ORDER_ID=1521 USER=Kumar STATUS=RETURNED
2026-07-09 20:20:08 ORDER_ID=1525 USER=Ravi STATUS=RETURNED
2026-07-09 20:20:10 ORDER_ID=1526 USER=Rahul STATUS=RETURNED
2026-07-09 20:20:12 ORDER_ID=1527 USER=Arun STATUS=RETURNED
2026-07-09 20:20:27 ORDER_ID=1534 USER=Anu STATUS=RETURNED
2026-07-09 20:20:39 ORDER_ID=1540 USER=Karthik STATUS=RETURNED
2026-07-09 20:20:43 ORDER_ID=1542 USER=Ravi STATUS=RETURNED
2026-07-09 20:20:47 ORDER_ID=1544 USER=Arun STATUS=RETURNED
2026-07-09 20:20:55 ORDER_ID=1548 USER=Priya STATUS=RETURNED
2026-07-09 20:20:57 ORDER_ID=1549 USER=Ravi STATUS=RETURNED
2026-07-09 20:21:01 ORDER_ID=1551 USER=Kumar STATUS=RETURNED
2026-07-09 20:21:20 ORDER_ID=1560 USER=Ravi STATUS=RETURNED
2026-07-09 20:21:22 ORDER_ID=1561 USER=Ravi STATUS=RETURNED
2026-07-09 20:21:26 ORDER_ID=1563 USER=Arun STATUS=RETURNED
2026-07-09 20:21:30 ORDER_ID=1565 USER=Priya STATUS=RETURNED
2026-07-09 20:21:34 ORDER_ID=1567 USER=Divya STATUS=RETURNED
2026-07-09 20:21:42 ORDER_ID=1571 USER=Divya STATUS=RETURNED
2026-07-09 20:21:48 ORDER_ID=1574 USER=Karthik STATUS=RETURNED
2026-07-09 20:21:54 ORDER_ID=1577 USER=Arun STATUS=RETURNED
2026-07-09 20:21:56 ORDER_ID=1578 USER=Anu STATUS=RETURNED
2026-07-09 20:22:06 ORDER_ID=1583 USER=Anu STATUS=RETURNED
2026-07-09 20:22:08 ORDER_ID=1584 USER=Kumar STATUS=RETURNED
2026-07-09 20:22:17 ORDER_ID=1588 USER=Rahul STATUS=RETURNED
2026-07-09 20:22:19 ORDER_ID=1589 USER=Priya STATUS=RETURNED
2026-07-09 20:22:21 ORDER_ID=1590 USER=Ravi STATUS=RETURNED
2026-07-09 20:22:25 ORDER_ID=1592 USER=Kumar STATUS=RETURNED
2026-07-09 20:22:27 ORDER_ID=1593 USER=Priya STATUS=RETURNED
2026-07-09 20:22:45 ORDER_ID=1602 USER=Priya STATUS=RETURNED
2026-07-09 20:23:03 ORDER_ID=1611 USER=Rahul STATUS=RETURNED
2026-07-09 20:23:05 ORDER_ID=1612 USER=Ravi STATUS=RETURNED
2026-07-09 20:23:07 ORDER_ID=1613 USER=Kumar STATUS=RETURNED
2026-07-09 20:23:18 ORDER_ID=1618 USER=Anu STATUS=RETURNED
2026-07-09 20:23:22 ORDER_ID=1620 USER=Ravi STATUS=RETURNED
2026-07-09 20:23:24 ORDER_ID=1621 USER=Karthik STATUS=RETURNED
2026-07-09 20:23:28 ORDER_ID=1623 USER=Divya STATUS=RETURNED
2026-07-09 20:23:34 ORDER_ID=1626 USER=Anu STATUS=RETURNED
2026-07-09 20:23:36 ORDER_ID=1627 USER=Priya STATUS=RETURNED
2026-07-09 20:23:38 ORDER_ID=1628 USER=Anu STATUS=RETURNED
2026-07-09 20:23:42 ORDER_ID=1630 USER=Rahul STATUS=RETURNED
2026-07-09 20:23:48 ORDER_ID=1633 USER=Divya STATUS=RETURNED
2026-07-09 20:23:54 ORDER_ID=1636 USER=Rahul STATUS=RETURNED
2026-07-09 20:23:58 ORDER_ID=1638 USER=Kumar STATUS=RETURNED
2026-07-09 20:24:02 ORDER_ID=1640 USER=Kumar STATUS=RETURNED
2026-07-09 20:24:07 ORDER_ID=1642 USER=Ravi STATUS=RETURNED
2026-07-09 20:24:09 ORDER_ID=1643 USER=Arun STATUS=RETURNED
2026-07-09 20:24:23 ORDER_ID=1650 USER=Rahul STATUS=RETURNED
2026-07-09 20:24:27 ORDER_ID=1652 USER=Priya STATUS=RETURNED
2026-07-09 20:24:31 ORDER_ID=1654 USER=Anu STATUS=RETURNED
2026-07-09 20:24:42 ORDER_ID=1659 USER=Anu STATUS=RETURNED
2026-07-09 20:24:48 ORDER_ID=1662 USER=Arun STATUS=RETURNED
2026-07-09 20:25:02 ORDER_ID=1669 USER=Priya STATUS=RETURNED
2026-07-09 20:25:05 ORDER_ID=1670 USER=Rahul STATUS=RETURNED
2026-07-09 20:25:09 ORDER_ID=1672 USER=Anu STATUS=RETURNED
2026-07-09 20:25:15 ORDER_ID=1675 USER=Kumar STATUS=RETURNED
2026-07-09 20:25:17 ORDER_ID=1676 USER=Divya STATUS=RETURNED
2026-07-09 20:25:19 ORDER_ID=1677 USER=Priya STATUS=RETURNED
2026-07-09 20:25:25 ORDER_ID=1680 USER=Anu STATUS=RETURNED
2026-07-09 20:25:31 ORDER_ID=1683 USER=Rahul STATUS=RETURNED
2026-07-09 20:25:44 ORDER_ID=1689 USER=Priya STATUS=RETURNED
2026-07-09 20:25:53 ORDER_ID=1693 USER=Kumar STATUS=RETURNED
2026-07-09 20:26:01 ORDER_ID=1697 USER=Kumar STATUS=RETURNED
2026-07-09 20:26:07 ORDER_ID=1700 USER=Arun STATUS=RETURNED
2026-07-09 20:26:16 ORDER_ID=1704 USER=Rahul STATUS=RETURNED
