2026-07-09 20:01:18 ORDER_ID=1006 USER=Anu STATUS=SUCCESS
2026-07-09 20:01:29 ORDER_ID=1011 USER=Ravi STATUS=SUCCESS
2026-07-09 20:01:49 ORDER_ID=1021 USER=Divya STATUS=SUCCESS
2026-07-09 20:01:53 ORDER_ID=1023 USER=Kumar STATUS=SUCCESS
2026-07-09 20:01:55 ORDER_ID=1024 USER=Kumar STATUS=SUCCESS
2026-07-09 20:02:06 ORDER_ID=1029 USER=Kumar STATUS=SUCCESS
2026-07-09 20:02:12 ORDER_ID=1032 USER=Arun STATUS=SUCCESS
2026-07-09 20:02:22 ORDER_ID=1037 USER=Kumar STATUS=SUCCESS
2026-07-09 20:02:24 ORDER_ID=1038 USER=Karthik STATUS=SUCCESS
2026-07-09 20:02:26 ORDER_ID=1039 USER=Priya STATUS=SUCCESS
2026-07-09 20:02:30 ORDER_ID=1041 USER=Arun STATUS=SUCCESS
2026-07-09 20:02:32 ORDER_ID=1042 USER=Karthik STATUS=SUCCESS
2026-07-09 20:02:40 ORDER_ID=1046 USER=Divya STATUS=SUCCESS
2026-07-09 20:02:42 ORDER_ID=1047 USER=Kumar STATUS=SUCCESS
2026-07-09 20:02:45 ORDER_ID=1048 USER=Arun STATUS=SUCCESS
2026-07-09 20:02:49 ORDER_ID=1050 USER=Priya STATUS=SUCCESS
2026-07-09 20:02:51 ORDER_ID=1051 USER=Ravi STATUS=SUCCESS
2026-07-09 20:03:01 ORDER_ID=1056 USER=Rahul STATUS=SUCCESS
2026-07-09 20:03:05 ORDER_ID=1058 USER=Priya STATUS=SUCCESS
2026-07-09 20:03:10 ORDER_ID=1060 USER=Kumar STATUS=SUCCESS
2026-07-09 20:03:18 ORDER_ID=1064 USER=Priya STATUS=SUCCESS
2026-07-09 20:03:22 ORDER_ID=1066 USER=Ravi STATUS=SUCCESS
2026-07-09 20:03:32 ORDER_ID=1071 USER=Kumar STATUS=SUCCESS
2026-07-09 20:03:34 ORDER_ID=1072 USER=Kumar STATUS=SUCCESS
2026-07-09 20:03:42 ORDER_ID=1076 USER=Kumar STATUS=SUCCESS
2026-07-09 20:03:44 ORDER_ID=1077 USER=Kumar STATUS=SUCCESS
2026-07-09 20:03:51 ORDER_ID=1080 USER=Kumar STATUS=SUCCESS
2026-07-09 20:03:57 ORDER_ID=1083 USER=Divya STATUS=SUCCESS
2026-07-09 20:04:09 ORDER_ID=1089 USER=Rahul STATUS=SUCCESS
2026-07-09 20:04:23 ORDER_ID=1096 USER=Kumar STATUS=SUCCESS
2026-07-09 20:04:25 ORDER_ID=1097 USER=Arun STATUS=SUCCESS
2026-07-09 20:04:27 ORDER_ID=1098 USER=Priya STATUS=SUCCESS
2026-07-09 20:04:29 ORDER_ID=1099 USER=Kumar STATUS=SUCCESS
2026-07-09 20:04:31 ORDER_ID=1100 USER=Rahul STATUS=SUCCESS
2026-07-09 20:04:35 ORDER_ID=1102 USER=Ravi STATUS=SUCCESS
2026-07-09 20:04:39 ORDER_ID=1104 USER=Divya STATUS=SUCCESS
2026-07-09 20:04:43 ORDER_ID=1106 USER=Karthik STATUS=SUCCESS
2026-07-09 20:04:47 ORDER_ID=1108 USER=Ravi STATUS=SUCCESS
2026-07-09 20:04:56 ORDER_ID=1112 USER=Divya STATUS=SUCCESS
2026-07-09 20:05:19 ORDER_ID=1123 USER=Kumar STATUS=SUCCESS
2026-07-09 20:05:21 ORDER_ID=1124 USER=Karthik STATUS=SUCCESS
2026-07-09 20:05:23 ORDER_ID=1125 USER=Priya STATUS=SUCCESS
2026-07-09 20:05:25 ORDER_ID=1126 USER=Anu STATUS=SUCCESS
2026-07-09 20:05:27 ORDER_ID=1127 USER=Divya STATUS=SUCCESS
2026-07-09 20:05:52 ORDER_ID=1139 USER=Anu STATUS=SUCCESS
2026-07-09 20:06:00 ORDER_ID=1143 USER=Divya STATUS=SUCCESS
2026-07-09 20:06:08 ORDER_ID=1147 USER=Divya STATUS=SUCCESS
2026-07-09 20:06:10 ORDER_ID=1148 USER=Divya STATUS=SUCCESS
2026-07-09 20:06:21 ORDER_ID=1153 USER=Priya STATUS=SUCCESS
2026-07-09 20:06:23 ORDER_ID=1154 USER=Ravi STATUS=SUCCESS
2026-07-09 20:06:27 ORDER_ID=1156 USER=Priya STATUS=SUCCESS
2026-07-09 20:06:33 ORDER_ID=1159 USER=Rahul STATUS=SUCCESS
2026-07-09 20:06:43 ORDER_ID=1164 USER=Anu STATUS=SUCCESS
2026-07-09 20:06:45 ORDER_ID=1165 USER=Arun STATUS=SUCCESS
2026-07-09 20:06:51 ORDER_ID=1168 USER=Ravi STATUS=SUCCESS
2026-07-09 20:07:01 ORDER_ID=1173 USER=Anu STATUS=SUCCESS
2026-07-09 20:07:04 ORDER_ID=1174 USER=Ravi STATUS=SUCCESS
2026-07-09 20:07:14 ORDER_ID=1179 USER=Kumar STATUS=SUCCESS
2026-07-09 20:07:18 ORDER_ID=1181 USER=Priya STATUS=SUCCESS
2026-07-09 20:07:22 ORDER_ID=1183 USER=Anu STATUS=SUCCESS
2026-07-09 20:07:24 ORDER_ID=1184 USER=Ravi STATUS=SUCCESS
2026-07-09 20:07:31 ORDER_ID=1187 USER=Arun STATUS=SUCCESS
2026-07-09 20:07:33 ORDER_ID=1188 USER=Rahul STATUS=SUCCESS
2026-07-09 20:07:35 ORDER_ID=1189 USER=Kumar STATUS=SUCCESS
2026-07-09 20:07:45 ORDER_ID=1194 USER=Divya STATUS=SUCCESS
2026-07-09 20:07:47 ORDER_ID=1195 USER=Ravi STATUS=SUCCESS
2026-07-09 20:08:14 ORDER_ID=1208 USER=Ravi STATUS=SUCCESS
2026-07-09 20:08:27 ORDER_ID=1214 USER=Kumar STATUS=SUCCESS
2026-07-09 20:08:39 ORDER_ID=1220 USER=Divya STATUS=SUCCESS
2026-07-09 20:08:41 ORDER_ID=1221 USER=Ravi STATUS=SUCCESS
2026-07-09 20:08:43 ORDER_ID=1222 USER=Ravi STATUS=SUCCESS
2026-07-09 20:09:00 ORDER_ID=1229 USER=Priya STATUS=SUCCESS
2026-07-09 20:09:05 ORDER_ID=1231 USER=Arun STATUS=SUCCESS
2026-07-09 20:09:13 ORDER_ID=1235 USER=Karthik STATUS=SUCCESS
2026-07-09 20:09:15 ORDER_ID=1236 USER=Rahul STATUS=SUCCESS
2026-07-09 20:09:19 ORDER_ID=1238 USER=Ravi STATUS=SUCCESS
2026-07-09 20:09:35 ORDER_ID=1245 USER=Arun STATUS=SUCCESS
2026-07-09 20:09:37 ORDER_ID=1246 USER=Priya STATUS=SUCCESS
2026-07-09 20:09:55 ORDER_ID=1255 USER=Priya STATUS=SUCCESS
2026-07-09 20:10:02 ORDER_ID=1258 USER=Arun STATUS=SUCCESS
2026-07-09 20:10:04 ORDER_ID=1259 USER=Karthik STATUS=SUCCESS
2026-07-09 20:10:10 ORDER_ID=1262 USER=Divya STATUS=SUCCESS
2026-07-09 20:10:21 ORDER_ID=1267 USER=Priya STATUS=SUCCESS
2026-07-09 20:10:32 ORDER_ID=1270 USER=Priya STATUS=SUCCESS
2026-07-09 20:10:36 ORDER_ID=1272 USER=Kumar STATUS=SUCCESS
2026-07-09 20:10:38 ORDER_ID=1273 USER=Ravi STATUS=SUCCESS
2026-07-09 20:10:50 ORDER_ID=1279 USER=Anu STATUS=SUCCESS
2026-07-09 20:10:53 ORDER_ID=1280 USER=Arun STATUS=SUCCESS
2026-07-09 20:10:57 ORDER_ID=1282 USER=Divya STATUS=SUCCESS
2026-07-09 20:11:06 ORDER_ID=1285 USER=Anu STATUS=SUCCESS
2026-07-09 20:11:24 ORDER_ID=1293 USER=Rahul STATUS=SUCCESS
2026-07-09 20:11:28 ORDER_ID=1295 USER=Priya STATUS=SUCCESS
2026-07-09 20:12:03 ORDER_ID=1311 USER=Divya STATUS=SUCCESS
2026-07-09 20:12:09 ORDER_ID=1314 USER=Kumar STATUS=SUCCESS
2026-07-09 20:12:32 ORDER_ID=1325 USER=Kumar STATUS=SUCCESS
2026-07-09 20:12:38 ORDER_ID=1328 USER=Kumar STATUS=SUCCESS
2026-07-09 20:12:42 ORDER_ID=1330 USER=Divya STATUS=SUCCESS
2026-07-09 20:12:46 ORDER_ID=1332 USER=Rahul STATUS=SUCCESS
2026-07-09 20:12:50 ORDER_ID=1334 USER=Karthik STATUS=SUCCESS
2026-07-09 20:12:56 ORDER_ID=1337 USER=Priya STATUS=SUCCESS
2026-07-09 20:13:11 ORDER_ID=1344 USER=Karthik STATUS=SUCCESS
2026-07-09 20:13:13 ORDER_ID=1345 USER=Rahul STATUS=SUCCESS
2026-07-09 20:13:15 ORDER_ID=1346 USER=Karthik STATUS=SUCCESS
2026-07-09 20:13:23 ORDER_ID=1350 USER=Priya STATUS=SUCCESS
2026-07-09 20:13:26 ORDER_ID=1351 USER=Karthik STATUS=SUCCESS
2026-07-09 20:13:54 ORDER_ID=1361 USER=Priya STATUS=SUCCESS
2026-07-09 20:13:56 ORDER_ID=1362 USER=Ravi STATUS=SUCCESS
2026-07-09 20:14:00 ORDER_ID=1364 USER=Karthik STATUS=SUCCESS
2026-07-09 20:14:02 ORDER_ID=1365 USER=Priya STATUS=SUCCESS
2026-07-09 20:14:08 ORDER_ID=1368 USER=Priya STATUS=SUCCESS
2026-07-09 20:14:10 ORDER_ID=1369 USER=Priya STATUS=SUCCESS
2026-07-09 20:14:13 ORDER_ID=1370 USER=Kumar STATUS=SUCCESS
2026-07-09 20:14:31 ORDER_ID=1379 USER=Anu STATUS=SUCCESS
2026-07-09 20:14:33 ORDER_ID=1380 USER=Karthik STATUS=SUCCESS
2026-07-09 20:14:37 ORDER_ID=1382 USER=Divya STATUS=SUCCESS
2026-07-09 20:14:39 ORDER_ID=1383 USER=Anu STATUS=SUCCESS
2026-07-09 20:14:49 ORDER_ID=1388 USER=Arun STATUS=SUCCESS
2026-07-09 20:14:54 ORDER_ID=1390 USER=Kumar STATUS=SUCCESS
2026-07-09 20:15:02 ORDER_ID=1393 USER=Ravi STATUS=SUCCESS
2026-07-09 20:15:15 ORDER_ID=1397 USER=Anu STATUS=SUCCESS
2026-07-09 20:15:22 ORDER_ID=1400 USER=Divya STATUS=SUCCESS
2026-07-09 20:15:39 ORDER_ID=1406 USER=Arun STATUS=SUCCESS
2026-07-09 20:15:49 ORDER_ID=1411 USER=Anu STATUS=SUCCESS
2026-07-09 20:15:52 ORDER_ID=1412 USER=Divya STATUS=SUCCESS
2026-07-09 20:15:54 ORDER_ID=1413 USER=Ravi STATUS=SUCCESS
2026-07-09 20:15:56 ORDER_ID=1414 USER=Ravi STATUS=SUCCESS
2026-07-09 20:16:02 ORDER_ID=1417 USER=Anu STATUS=SUCCESS
2026-07-09 20:16:06 ORDER_ID=1419 USER=Rahul STATUS=SUCCESS
2026-07-09 20:16:12 ORDER_ID=1422 USER=Rahul STATUS=SUCCESS
2026-07-09 20:16:14 ORDER_ID=1423 USER=Arun STATUS=SUCCESS
2026-07-09 20:16:18 ORDER_ID=1425 USER=Arun STATUS=SUCCESS
2026-07-09 20:16:20 ORDER_ID=1426 USER=Arun STATUS=SUCCESS
2026-07-09 20:16:27 ORDER_ID=1429 USER=Priya STATUS=SUCCESS
2026-07-09 20:16:31 ORDER_ID=1431 USER=Ravi STATUS=SUCCESS
2026-07-09 20:16:33 ORDER_ID=1432 USER=Arun STATUS=SUCCESS
2026-07-09 20:16:35 ORDER_ID=1433 USER=Ravi STATUS=SUCCESS
2026-07-09 20:16:39 ORDER_ID=1435 USER=Arun STATUS=SUCCESS
2026-07-09 20:17:06 ORDER_ID=1437 USER=Anu STATUS=SUCCESS
2026-07-09 20:17:13 ORDER_ID=1439 USER=Anu STATUS=SUCCESS
2026-07-09 20:17:19 ORDER_ID=1442 USER=Arun STATUS=SUCCESS
2026-07-09 20:17:21 ORDER_ID=1443 USER=Ravi STATUS=SUCCESS
2026-07-09 20:17:23 ORDER_ID=1444 USER=Ravi STATUS=SUCCESS
2026-07-09 20:17:27 ORDER_ID=1446 USER=Anu STATUS=SUCCESS
2026-07-09 20:17:35 ORDER_ID=1450 USER=Karthik STATUS=SUCCESS
2026-07-09 20:17:48 ORDER_ID=1456 USER=Anu STATUS=SUCCESS
2026-07-09 20:17:56 ORDER_ID=1460 USER=Priya STATUS=SUCCESS
2026-07-09 20:17:58 ORDER_ID=1461 USER=Kumar STATUS=SUCCESS
2026-07-09 20:18:02 ORDER_ID=1463 USER=Divya STATUS=SUCCESS
2026-07-09 20:18:04 ORDER_ID=1464 USER=Arun STATUS=SUCCESS
2026-07-09 20:18:06 ORDER_ID=1465 USER=Karthik STATUS=SUCCESS
2026-07-09 20:18:10 ORDER_ID=1467 USER=Divya STATUS=SUCCESS
2026-07-09 20:18:14 ORDER_ID=1469 USER=Anu STATUS=SUCCESS
2026-07-09 20:18:18 ORDER_ID=1471 USER=Karthik STATUS=SUCCESS
2026-07-09 20:18:41 ORDER_ID=1482 USER=Kumar STATUS=SUCCESS
2026-07-09 20:18:45 ORDER_ID=1484 USER=Kumar STATUS=SUCCESS
2026-07-09 20:18:51 ORDER_ID=1487 USER=Arun STATUS=SUCCESS
2026-07-09 20:18:53 ORDER_ID=1488 USER=Divya STATUS=SUCCESS
2026-07-09 20:18:57 ORDER_ID=1490 USER=Rahul STATUS=SUCCESS
2026-07-09 20:19:03 ORDER_ID=1493 USER=Priya STATUS=SUCCESS
2026-07-09 20:19:09 ORDER_ID=1496 USER=Arun STATUS=SUCCESS
2026-07-09 20:19:13 ORDER_ID=1498 USER=Divya STATUS=SUCCESS
2026-07-09 20:19:23 ORDER_ID=1503 USER=Arun STATUS=SUCCESS
2026-07-09 20:19:25 ORDER_ID=1504 USER=Priya STATUS=SUCCESS
2026-07-09 20:19:27 ORDER_ID=1505 USER=Kumar STATUS=SUCCESS
2026-07-09 20:19:29 ORDER_ID=1506 USER=Priya STATUS=SUCCESS
2026-07-09 20:19:42 ORDER_ID=1512 USER=Rahul STATUS=SUCCESS
2026-07-09 20:19:50 ORDER_ID=1516 USER=Ravi STATUS=SUCCESS
2026-07-09 20:19:56 ORDER_ID=1519 USER=Anu STATUS=SUCCESS
2026-07-09 20:20:14 ORDER_ID=1528 USER=Anu STATUS=SUCCESS
2026-07-09 20:20:18 ORDER_ID=1530 USER=Ravi STATUS=SUCCESS
2026-07-09 20:20:20 ORDER_ID=1531 USER=Priya STATUS=SUCCESS
2026-07-09 20:20:25 ORDER_ID=1533 USER=Anu STATUS=SUCCESS
2026-07-09 20:20:35 ORDER_ID=1538 USER=Rahul STATUS=SUCCESS
2026-07-09 20:20:49 ORDER_ID=1545 USER=Divya STATUS=SUCCESS
2026-07-09 20:20:51 ORDER_ID=1546 USER=Arun STATUS=SUCCESS
2026-07-09 20:20:53 ORDER_ID=1547 USER=Rahul STATUS=SUCCESS
2026-07-09 20:21:05 ORDER_ID=1553 USER=Divya STATUS=SUCCESS
2026-07-09 20:21:07 ORDER_ID=1554 USER=Arun STATUS=SUCCESS
2026-07-09 20:21:11 ORDER_ID=1556 USER=Anu STATUS=SUCCESS
2026-07-09 20:21:18 ORDER_ID=1559 USER=Kumar STATUS=SUCCESS
2026-07-09 20:21:32 ORDER_ID=1566 USER=Ravi STATUS=SUCCESS
2026-07-09 20:21:44 ORDER_ID=1572 USER=Karthik STATUS=SUCCESS
2026-07-09 20:21:58 ORDER_ID=1579 USER=Priya STATUS=SUCCESS
2026-07-09 20:22:00 ORDER_ID=1580 USER=Rahul STATUS=SUCCESS
2026-07-09 20:22:02 ORDER_ID=1581 USER=Kumar STATUS=SUCCESS
2026-07-09 20:22:10 ORDER_ID=1585 USER=Rahul STATUS=SUCCESS
2026-07-09 20:22:14 ORDER_ID=1587 USER=Karthik STATUS=SUCCESS
2026-07-09 20:22:23 ORDER_ID=1591 USER=Kumar STATUS=SUCCESS
2026-07-09 20:22:29 ORDER_ID=1594 USER=Karthik STATUS=SUCCESS
2026-07-09 20:22:33 ORDER_ID=1596 USER=Priya STATUS=SUCCESS
2026-07-09 20:22:35 ORDER_ID=1597 USER=Arun STATUS=SUCCESS
2026-07-09 20:22:37 ORDER_ID=1598 USER=Divya STATUS=SUCCESS
2026-07-09 20:22:39 ORDER_ID=1599 USER=Karthik STATUS=SUCCESS
2026-07-09 20:22:49 ORDER_ID=1604 USER=Arun STATUS=SUCCESS
2026-07-09 20:22:51 ORDER_ID=1605 USER=Priya STATUS=SUCCESS
2026-07-09 20:22:55 ORDER_ID=1607 USER=Rahul STATUS=SUCCESS
2026-07-09 20:22:57 ORDER_ID=1608 USER=Priya STATUS=SUCCESS
2026-07-09 20:23:12 ORDER_ID=1615 USER=Ravi STATUS=SUCCESS
2026-07-09 20:23:16 ORDER_ID=1617 USER=Anu STATUS=SUCCESS
2026-07-09 20:23:26 ORDER_ID=1622 USER=Anu STATUS=SUCCESS
2026-07-09 20:23:50 ORDER_ID=1634 USER=Kumar STATUS=SUCCESS
2026-07-09 20:24:00 ORDER_ID=1639 USER=Divya STATUS=SUCCESS
2026-07-09 20:24:05 ORDER_ID=1641 USER=Rahul STATUS=SUCCESS
2026-07-09 20:24:11 ORDER_ID=1644 USER=Anu STATUS=SUCCESS
2026-07-09 20:24:13 ORDER_ID=1645 USER=Kumar STATUS=SUCCESS
2026-07-09 20:24:15 ORDER_ID=1646 USER=Arun STATUS=SUCCESS
2026-07-09 20:24:19 ORDER_ID=1648 USER=Arun STATUS=SUCCESS
2026-07-09 20:24:29 ORDER_ID=1653 USER=Priya STATUS=SUCCESS
2026-07-09 20:24:33 ORDER_ID=1655 USER=Arun STATUS=SUCCESS
2026-07-09 20:24:37 ORDER_ID=1657 USER=Karthik STATUS=SUCCESS
2026-07-09 20:24:40 ORDER_ID=1658 USER=Kumar STATUS=SUCCESS
2026-07-09 20:24:44 ORDER_ID=1660 USER=Priya STATUS=SUCCESS
2026-07-09 20:24:46 ORDER_ID=1661 USER=Divya STATUS=SUCCESS
2026-07-09 20:24:50 ORDER_ID=1663 USER=Kumar STATUS=SUCCESS
2026-07-09 20:24:54 ORDER_ID=1665 USER=Kumar STATUS=SUCCESS
2026-07-09 20:24:56 ORDER_ID=1666 USER=Anu STATUS=SUCCESS
2026-07-09 20:25:00 ORDER_ID=1668 USER=Karthik STATUS=SUCCESS
2026-07-09 20:25:07 ORDER_ID=1671 USER=Divya STATUS=SUCCESS
2026-07-09 20:25:13 ORDER_ID=1674 USER=Karthik STATUS=SUCCESS
2026-07-09 20:25:21 ORDER_ID=1678 USER=Divya STATUS=SUCCESS
2026-07-09 20:25:23 ORDER_ID=1679 USER=Ravi STATUS=SUCCESS
2026-07-09 20:25:27 ORDER_ID=1681 USER=Priya STATUS=SUCCESS
2026-07-09 20:25:29 ORDER_ID=1682 USER=Priya STATUS=SUCCESS
2026-07-09 20:25:33 ORDER_ID=1684 USER=Divya STATUS=SUCCESS
2026-07-09 20:25:35 ORDER_ID=1685 USER=Karthik STATUS=SUCCESS
2026-07-09 20:25:37 ORDER_ID=1686 USER=Ravi STATUS=SUCCESS
2026-07-09 20:25:39 ORDER_ID=1687 USER=Rahul STATUS=SUCCESS
2026-07-09 20:25:42 ORDER_ID=1688 USER=Kumar STATUS=SUCCESS
2026-07-09 20:25:49 ORDER_ID=1691 USER=Karthik STATUS=SUCCESS
2026-07-09 20:25:51 ORDER_ID=1692 USER=Arun STATUS=SUCCESS
2026-07-09 20:25:55 ORDER_ID=1694 USER=Kumar STATUS=SUCCESS
2026-07-09 20:25:57 ORDER_ID=1695 USER=Ravi STATUS=SUCCESS
2026-07-09 20:25:59 ORDER_ID=1696 USER=Rahul STATUS=SUCCESS
2026-07-09 20:26:05 ORDER_ID=1699 USER=Divya STATUS=SUCCESS
2026-07-09 20:26:11 ORDER_ID=1702 USER=Kumar STATUS=SUCCESS
